{"/Users/karinaalmeida/Desktop/projeto20-DrivenT/src/app.ts": {"path":"/Users/karinaalmeida/Desktop/projeto20-DrivenT/src/app.ts","statementMap":{"0":{"start":{"line":1,"column":0},"end":{"line":1,"column":26}},"1":{"start":{"line":2,"column":0},"end":{"line":2,"column":30}},"2":{"start":{"line":3,"column":0},"end":{"line":3,"column":43}},"3":{"start":{"line":4,"column":0},"end":{"line":4,"column":24}},"4":{"start":{"line":6,"column":0},"end":{"line":6,"column":60}},"5":{"start":{"line":8,"column":0},"end":{"line":8,"column":10}},"6":{"start":{"line":10,"column":0},"end":{"line":10,"column":56}},"7":{"start":{"line":11,"column":0},"end":{"line":11,"column":null}},"8":{"start":{"line":20,"column":0},"end":{"line":20,"column":57}},"9":{"start":{"line":22,"column":12},"end":{"line":22,"column":21}},"10":{"start":{"line":23,"column":0},"end":{"line":36,"column":32}},"11":{"start":{"line":26,"column":33},"end":{"line":26,"column":48}},"12":{"start":{"line":39,"column":2},"end":{"line":39,"column":14}},"13":{"start":{"line":40,"column":2},"end":{"line":40,"column":30}},"14":{"start":{"line":38,"column":0},"end":{"line":38,"column":16}},"15":{"start":{"line":44,"column":2},"end":{"line":44,"column":23}},"16":{"start":{"line":43,"column":0},"end":{"line":43,"column":7}},"17":{"start":{"line":47,"column":0},"end":{"line":47,"column":19}}},"fnMap":{"0":{"name":"(anonymous_1)","decl":{"start":{"line":26,"column":18},"end":{"line":26,"column":19}},"loc":{"start":{"line":26,"column":33},"end":{"line":26,"column":48}}},"1":{"name":"init","decl":{"start":{"line":38,"column":16},"end":{"line":38,"column":20}},"loc":{"start":{"line":38,"column":20},"end":{"line":41,"column":1}}},"2":{"name":"close","decl":{"start":{"line":43,"column":22},"end":{"line":43,"column":27}},"loc":{"start":{"line":43,"column":27},"end":{"line":45,"column":1}}}},"branchMap":{},"s":{"0":11,"1":11,"2":11,"3":11,"4":11,"5":11,"6":11,"7":11,"8":11,"9":11,"10":11,"11":1,"12":11,"13":11,"14":11,"15":0,"16":11,"17":11},"f":{"0":1,"1":11,"2":0},"b":{}}
,"/Users/karinaalmeida/Desktop/projeto20-DrivenT/src/config/database.ts": {"path":"/Users/karinaalmeida/Desktop/projeto20-DrivenT/src/config/database.ts","statementMap":{"0":{"start":{"line":1,"column":0},"end":{"line":1,"column":46}},"1":{"start":{"line":5,"column":2},"end":{"line":5,"column":30}},"2":{"start":{"line":4,"column":0},"end":{"line":4,"column":16}},"3":{"start":{"line":9,"column":2},"end":{"line":9,"column":30}},"4":{"start":{"line":8,"column":0},"end":{"line":8,"column":7}}},"fnMap":{"0":{"name":"connectDb","decl":{"start":{"line":4,"column":16},"end":{"line":4,"column":25}},"loc":{"start":{"line":4,"column":25},"end":{"line":6,"column":1}}},"1":{"name":"disconnectDB","decl":{"start":{"line":8,"column":22},"end":{"line":8,"column":34}},"loc":{"start":{"line":8,"column":34},"end":{"line":10,"column":1}}}},"branchMap":{},"s":{"0":14,"1":11,"2":14,"3":0,"4":14},"f":{"0":11,"1":0},"b":{}}
,"/Users/karinaalmeida/Desktop/projeto20-DrivenT/src/config/envs.ts": {"path":"/Users/karinaalmeida/Desktop/projeto20-DrivenT/src/config/envs.ts","statementMap":{"0":{"start":{"line":1,"column":0},"end":{"line":1,"column":28}},"1":{"start":{"line":2,"column":0},"end":{"line":2,"column":41}},"2":{"start":{"line":6,"column":4},"end":{"line":10,"column":14}},"3":{"start":{"line":12,"column":22},"end":{"line":12,"column":45}},"4":{"start":{"line":13,"column":2},"end":{"line":13,"column":35}},"5":{"start":{"line":4,"column":0},"end":{"line":4,"column":16}}},"fnMap":{"0":{"name":"loadEnv","decl":{"start":{"line":4,"column":16},"end":{"line":4,"column":23}},"loc":{"start":{"line":4,"column":23},"end":{"line":14,"column":1}}}},"branchMap":{"0":{"loc":{"start":{"line":6,"column":4},"end":{"line":10,"column":14}},"type":"cond-expr","locations":[{"start":{"line":7,"column":8},"end":{"line":7,"column":19}},{"start":{"line":8,"column":8},"end":{"line":10,"column":14}}]},"1":{"loc":{"start":{"line":8,"column":8},"end":{"line":10,"column":14}},"type":"cond-expr","locations":[{"start":{"line":9,"column":8},"end":{"line":9,"column":26}},{"start":{"line":10,"column":8},"end":{"line":10,"column":14}}]}},"s":{"0":14,"1":14,"2":25,"3":25,"4":25,"5":14},"f":{"0":25},"b":{"0":[25,0],"1":[0,0]}}
,"/Users/karinaalmeida/Desktop/projeto20-DrivenT/src/config/index.ts": {"path":"/Users/karinaalmeida/Desktop/projeto20-DrivenT/src/config/index.ts","statementMap":{"0":{"start":{"line":1,"column":0},"end":{"line":1,"column":23}},"1":{"start":{"line":2,"column":0},"end":{"line":2,"column":27}}},"fnMap":{},"branchMap":{},"s":{"0":14,"1":14},"f":{},"b":{}}
,"/Users/karinaalmeida/Desktop/projeto20-DrivenT/src/controllers/authentication-controller.ts": {"path":"/Users/karinaalmeida/Desktop/projeto20-DrivenT/src/controllers/authentication-controller.ts","statementMap":{"0":{"start":{"line":2,"column":0},"end":{"line":2,"column":37}},"1":{"start":{"line":3,"column":0},"end":{"line":3,"column":88}},"2":{"start":{"line":6,"column":30},"end":{"line":6,"column":54}},"3":{"start":{"line":8,"column":2},"end":{"line":14,"column":null}},"4":{"start":{"line":9,"column":19},"end":{"line":9,"column":74}},"5":{"start":{"line":11,"column":4},"end":{"line":11,"column":50}},"6":{"start":{"line":13,"column":4},"end":{"line":13,"column":56}},"7":{"start":{"line":5,"column":0},"end":{"line":5,"column":7}}},"fnMap":{"0":{"name":"singInPost","decl":{"start":{"line":5,"column":22},"end":{"line":5,"column":32}},"loc":{"start":{"line":5,"column":60},"end":{"line":15,"column":1}}}},"branchMap":{},"s":{"0":11,"1":11,"2":5,"3":5,"4":5,"5":2,"6":3,"7":11},"f":{"0":5},"b":{}}
,"/Users/karinaalmeida/Desktop/projeto20-DrivenT/src/controllers/booking-controller.ts": {"path":"/Users/karinaalmeida/Desktop/projeto20-DrivenT/src/controllers/booking-controller.ts","statementMap":{"0":{"start":{"line":2,"column":0},"end":{"line":2,"column":37}},"1":{"start":{"line":4,"column":0},"end":{"line":4,"column":56}},"2":{"start":{"line":7,"column":2},"end":{"line":13,"column":null}},"3":{"start":{"line":8,"column":15},"end":{"line":8,"column":25}},"4":{"start":{"line":9,"column":20},"end":{"line":9,"column":55}},"5":{"start":{"line":10,"column":4},"end":{"line":10,"column":51}},"6":{"start":{"line":12,"column":4},"end":{"line":12,"column":16}},"7":{"start":{"line":17,"column":2},"end":{"line":27,"column":null}},"8":{"start":{"line":18,"column":15},"end":{"line":18,"column":25}},"9":{"start":{"line":19,"column":23},"end":{"line":19,"column":31}},"10":{"start":{"line":20,"column":4},"end":{"line":20,"column":59}},"11":{"start":{"line":20,"column":17},"end":{"line":20,"column":59}},"12":{"start":{"line":22,"column":22},"end":{"line":22,"column":76}},"13":{"start":{"line":24,"column":4},"end":{"line":24,"column":53}},"14":{"start":{"line":26,"column":4},"end":{"line":26,"column":16}},"15":{"start":{"line":31,"column":2},"end":{"line":43,"column":null}},"16":{"start":{"line":32,"column":15},"end":{"line":32,"column":25}},"17":{"start":{"line":33,"column":23},"end":{"line":33,"column":31}},"18":{"start":{"line":34,"column":26},"end":{"line":34,"column":36}},"19":{"start":{"line":36,"column":4},"end":{"line":36,"column":59}},"20":{"start":{"line":36,"column":17},"end":{"line":36,"column":59}},"21":{"start":{"line":37,"column":4},"end":{"line":37,"column":62}},"22":{"start":{"line":37,"column":20},"end":{"line":37,"column":62}},"23":{"start":{"line":39,"column":20},"end":{"line":39,"column":97}},"24":{"start":{"line":40,"column":4},"end":{"line":40,"column":66}},"25":{"start":{"line":42,"column":4},"end":{"line":42,"column":16}},"26":{"start":{"line":46,"column":26},"end":{"line":50,"column":2}},"27":{"start":{"line":52,"column":0},"end":{"line":52,"column":33}}},"fnMap":{"0":{"name":"getBooking","decl":{"start":{"line":6,"column":15},"end":{"line":6,"column":25}},"loc":{"start":{"line":6,"column":86},"end":{"line":14,"column":1}}},"1":{"name":"postBooking","decl":{"start":{"line":16,"column":15},"end":{"line":16,"column":26}},"loc":{"start":{"line":16,"column":87},"end":{"line":28,"column":1}}},"2":{"name":"updateBooking","decl":{"start":{"line":30,"column":15},"end":{"line":30,"column":28}},"loc":{"start":{"line":30,"column":89},"end":{"line":44,"column":1}}}},"branchMap":{"0":{"loc":{"start":{"line":20,"column":4},"end":{"line":20,"column":59}},"type":"if","locations":[{"start":{"line":20,"column":4},"end":{"line":20,"column":59}}]},"1":{"loc":{"start":{"line":36,"column":4},"end":{"line":36,"column":59}},"type":"if","locations":[{"start":{"line":36,"column":4},"end":{"line":36,"column":59}}]},"2":{"loc":{"start":{"line":37,"column":4},"end":{"line":37,"column":62}},"type":"if","locations":[{"start":{"line":37,"column":4},"end":{"line":37,"column":62}}]}},"s":{"0":11,"1":11,"2":2,"3":2,"4":2,"5":1,"6":1,"7":0,"8":0,"9":0,"10":0,"11":0,"12":0,"13":0,"14":0,"15":0,"16":0,"17":0,"18":0,"19":0,"20":0,"21":0,"22":0,"23":0,"24":0,"25":0,"26":11,"27":11},"f":{"0":2,"1":0,"2":0},"b":{"0":[0],"1":[0],"2":[0]}}
,"/Users/karinaalmeida/Desktop/projeto20-DrivenT/src/controllers/enrollments-controller.ts": {"path":"/Users/karinaalmeida/Desktop/projeto20-DrivenT/src/controllers/enrollments-controller.ts","statementMap":{"0":{"start":{"line":2,"column":0},"end":{"line":2,"column":37}},"1":{"start":{"line":4,"column":0},"end":{"line":4,"column":64}},"2":{"start":{"line":7,"column":21},"end":{"line":7,"column":24}},"3":{"start":{"line":9,"column":2},"end":{"line":15,"column":null}},"4":{"start":{"line":10,"column":34},"end":{"line":10,"column":92}},"5":{"start":{"line":12,"column":4},"end":{"line":12,"column":65}},"6":{"start":{"line":14,"column":4},"end":{"line":14,"column":49}},"7":{"start":{"line":6,"column":0},"end":{"line":6,"column":7}},"8":{"start":{"line":19,"column":2},"end":{"line":28,"column":null}},"9":{"start":{"line":20,"column":4},"end":{"line":23,"column":7}},"10":{"start":{"line":25,"column":4},"end":{"line":25,"column":41}},"11":{"start":{"line":27,"column":4},"end":{"line":27,"column":50}},"12":{"start":{"line":18,"column":0},"end":{"line":18,"column":7}},"13":{"start":{"line":32,"column":18},"end":{"line":32,"column":53}},"14":{"start":{"line":34,"column":2},"end":{"line":41,"column":null}},"15":{"start":{"line":35,"column":20},"end":{"line":35,"column":67}},"16":{"start":{"line":36,"column":4},"end":{"line":36,"column":44}},"17":{"start":{"line":38,"column":4},"end":{"line":40,"column":null}},"18":{"start":{"line":39,"column":6},"end":{"line":39,"column":45}},"19":{"start":{"line":31,"column":0},"end":{"line":31,"column":7}}},"fnMap":{"0":{"name":"getEnrollmentByUser","decl":{"start":{"line":6,"column":22},"end":{"line":6,"column":41}},"loc":{"start":{"line":6,"column":82},"end":{"line":16,"column":1}}},"1":{"name":"postCreateOrUpdateEnrollment","decl":{"start":{"line":18,"column":22},"end":{"line":18,"column":50}},"loc":{"start":{"line":18,"column":91},"end":{"line":29,"column":1}}},"2":{"name":"getAddressFromCEP","decl":{"start":{"line":31,"column":22},"end":{"line":31,"column":39}},"loc":{"start":{"line":31,"column":80},"end":{"line":42,"column":1}}}},"branchMap":{"0":{"loc":{"start":{"line":38,"column":4},"end":{"line":40,"column":null}},"type":"if","locations":[{"start":{"line":38,"column":4},"end":{"line":40,"column":null}}]}},"s":{"0":11,"1":11,"2":2,"3":2,"4":2,"5":0,"6":2,"7":11,"8":2,"9":2,"10":0,"11":2,"12":11,"13":2,"14":2,"15":2,"16":1,"17":1,"18":1,"19":11},"f":{"0":2,"1":2,"2":2},"b":{"0":[1]}}
,"/Users/karinaalmeida/Desktop/projeto20-DrivenT/src/controllers/events-controller.ts": {"path":"/Users/karinaalmeida/Desktop/projeto20-DrivenT/src/controllers/events-controller.ts","statementMap":{"0":{"start":{"line":2,"column":0},"end":{"line":2,"column":37}},"1":{"start":{"line":3,"column":0},"end":{"line":3,"column":54}},"2":{"start":{"line":6,"column":2},"end":{"line":11,"column":null}},"3":{"start":{"line":7,"column":18},"end":{"line":7,"column":53}},"4":{"start":{"line":8,"column":4},"end":{"line":8,"column":49}},"5":{"start":{"line":10,"column":4},"end":{"line":10,"column":53}},"6":{"start":{"line":5,"column":0},"end":{"line":5,"column":7}}},"fnMap":{"0":{"name":"getDefaultEvent","decl":{"start":{"line":5,"column":22},"end":{"line":5,"column":37}},"loc":{"start":{"line":5,"column":66},"end":{"line":12,"column":1}}}},"branchMap":{},"s":{"0":11,"1":11,"2":2,"3":2,"4":1,"5":1,"6":11},"f":{"0":2},"b":{}}
,"/Users/karinaalmeida/Desktop/projeto20-DrivenT/src/controllers/hotels-controller.ts": {"path":"/Users/karinaalmeida/Desktop/projeto20-DrivenT/src/controllers/hotels-controller.ts","statementMap":{"0":{"start":{"line":2,"column":0},"end":{"line":2,"column":37}},"1":{"start":{"line":4,"column":0},"end":{"line":4,"column":54}},"2":{"start":{"line":7,"column":2},"end":{"line":13,"column":null}},"3":{"start":{"line":8,"column":15},"end":{"line":8,"column":25}},"4":{"start":{"line":9,"column":19},"end":{"line":9,"column":52}},"5":{"start":{"line":10,"column":4},"end":{"line":10,"column":50}},"6":{"start":{"line":12,"column":4},"end":{"line":12,"column":16}},"7":{"start":{"line":17,"column":2},"end":{"line":24,"column":null}},"8":{"start":{"line":18,"column":15},"end":{"line":18,"column":25}},"9":{"start":{"line":19,"column":24},"end":{"line":19,"column":34}},"10":{"start":{"line":20,"column":19},"end":{"line":20,"column":75}},"11":{"start":{"line":21,"column":4},"end":{"line":21,"column":50}},"12":{"start":{"line":23,"column":4},"end":{"line":23,"column":16}},"13":{"start":{"line":27,"column":25},"end":{"line":30,"column":2}},"14":{"start":{"line":32,"column":0},"end":{"line":32,"column":32}}},"fnMap":{"0":{"name":"getHotels","decl":{"start":{"line":6,"column":15},"end":{"line":6,"column":24}},"loc":{"start":{"line":6,"column":85},"end":{"line":14,"column":1}}},"1":{"name":"getHotelRooms","decl":{"start":{"line":16,"column":15},"end":{"line":16,"column":28}},"loc":{"start":{"line":16,"column":89},"end":{"line":25,"column":1}}}},"branchMap":{},"s":{"0":11,"1":11,"2":4,"3":4,"4":4,"5":0,"6":4,"7":3,"8":3,"9":3,"10":3,"11":0,"12":3,"13":11,"14":11},"f":{"0":4,"1":3},"b":{}}
,"/Users/karinaalmeida/Desktop/projeto20-DrivenT/src/controllers/index.ts": {"path":"/Users/karinaalmeida/Desktop/projeto20-DrivenT/src/controllers/index.ts","statementMap":{"0":{"start":{"line":1,"column":0},"end":{"line":1,"column":35}},"1":{"start":{"line":2,"column":0},"end":{"line":2,"column":44}},"2":{"start":{"line":3,"column":0},"end":{"line":3,"column":36}},"3":{"start":{"line":4,"column":0},"end":{"line":4,"column":41}}},"fnMap":{},"branchMap":{},"s":{"0":11,"1":11,"2":11,"3":11},"f":{},"b":{}}
,"/Users/karinaalmeida/Desktop/projeto20-DrivenT/src/controllers/payment-controller.ts": {"path":"/Users/karinaalmeida/Desktop/projeto20-DrivenT/src/controllers/payment-controller.ts","statementMap":{"0":{"start":{"line":2,"column":0},"end":{"line":2,"column":37}},"1":{"start":{"line":4,"column":0},"end":{"line":4,"column":56}},"2":{"start":{"line":8,"column":2},"end":{"line":18,"column":null}},"3":{"start":{"line":9,"column":25},"end":{"line":9,"column":46}},"4":{"start":{"line":10,"column":23},"end":{"line":10,"column":26}},"5":{"start":{"line":11,"column":4},"end":{"line":11,"column":65}},"6":{"start":{"line":11,"column":19},"end":{"line":11,"column":65}},"7":{"start":{"line":13,"column":17},"end":{"line":13,"column":76}},"8":{"start":{"line":15,"column":4},"end":{"line":15,"column":48}},"9":{"start":{"line":17,"column":4},"end":{"line":17,"column":16}},"10":{"start":{"line":22,"column":2},"end":{"line":30,"column":null}},"11":{"start":{"line":23,"column":17},"end":{"line":23,"column":39}},"12":{"start":{"line":24,"column":4},"end":{"line":24,"column":88}},"13":{"start":{"line":24,"column":42},"end":{"line":24,"column":88}},"14":{"start":{"line":25,"column":15},"end":{"line":25,"column":25}},"15":{"start":{"line":26,"column":20},"end":{"line":26,"column":62}},"16":{"start":{"line":27,"column":4},"end":{"line":27,"column":51}},"17":{"start":{"line":29,"column":4},"end":{"line":29,"column":16}},"18":{"start":{"line":33,"column":26},"end":{"line":36,"column":2}},"19":{"start":{"line":38,"column":0},"end":{"line":38,"column":33}}},"fnMap":{"0":{"name":"getPayment","decl":{"start":{"line":7,"column":15},"end":{"line":7,"column":25}},"loc":{"start":{"line":7,"column":86},"end":{"line":19,"column":1}}},"1":{"name":"postPayment","decl":{"start":{"line":21,"column":15},"end":{"line":21,"column":26}},"loc":{"start":{"line":21,"column":87},"end":{"line":31,"column":1}}}},"branchMap":{"0":{"loc":{"start":{"line":11,"column":4},"end":{"line":11,"column":65}},"type":"if","locations":[{"start":{"line":11,"column":4},"end":{"line":11,"column":65}}]},"1":{"loc":{"start":{"line":24,"column":4},"end":{"line":24,"column":88}},"type":"if","locations":[{"start":{"line":24,"column":4},"end":{"line":24,"column":88}}]},"2":{"loc":{"start":{"line":24,"column":8},"end":{"line":24,"column":40}},"type":"binary-expr","locations":[{"start":{"line":24,"column":8},"end":{"line":24,"column":22}},{"start":{"line":24,"column":26},"end":{"line":24,"column":40}}]}},"s":{"0":11,"1":11,"2":3,"3":3,"4":3,"5":3,"6":1,"7":2,"8":1,"9":1,"10":3,"11":3,"12":3,"13":1,"14":2,"15":2,"16":1,"17":1,"18":11,"19":11},"f":{"0":3,"1":3},"b":{"0":[1],"1":[1],"2":[3,2]}}
,"/Users/karinaalmeida/Desktop/projeto20-DrivenT/src/controllers/ticket-controller.ts": {"path":"/Users/karinaalmeida/Desktop/projeto20-DrivenT/src/controllers/ticket-controller.ts","statementMap":{"0":{"start":{"line":2,"column":0},"end":{"line":2,"column":37}},"1":{"start":{"line":5,"column":0},"end":{"line":5,"column":54}},"2":{"start":{"line":9,"column":2},"end":{"line":15,"column":null}},"3":{"start":{"line":10,"column":23},"end":{"line":10,"column":52}},"4":{"start":{"line":12,"column":4},"end":{"line":12,"column":54}},"5":{"start":{"line":14,"column":4},"end":{"line":14,"column":48}},"6":{"start":{"line":8,"column":0},"end":{"line":8,"column":7}},"7":{"start":{"line":19,"column":2},"end":{"line":26,"column":null}},"8":{"start":{"line":20,"column":15},"end":{"line":20,"column":25}},"9":{"start":{"line":21,"column":23},"end":{"line":21,"column":57}},"10":{"start":{"line":23,"column":4},"end":{"line":23,"column":54}},"11":{"start":{"line":25,"column":4},"end":{"line":25,"column":48}},"12":{"start":{"line":30,"column":2},"end":{"line":39,"column":null}},"13":{"start":{"line":31,"column":15},"end":{"line":31,"column":25}},"14":{"start":{"line":32,"column":29},"end":{"line":32,"column":51}},"15":{"start":{"line":34,"column":20},"end":{"line":34,"column":68}},"16":{"start":{"line":36,"column":4},"end":{"line":36,"column":56}},"17":{"start":{"line":38,"column":4},"end":{"line":38,"column":48}},"18":{"start":{"line":42,"column":26},"end":{"line":46,"column":2}},"19":{"start":{"line":48,"column":0},"end":{"line":48,"column":33}}},"fnMap":{"0":{"name":"getTypes","decl":{"start":{"line":8,"column":22},"end":{"line":8,"column":30}},"loc":{"start":{"line":8,"column":71},"end":{"line":16,"column":1}}},"1":{"name":"getUserTicket","decl":{"start":{"line":18,"column":15},"end":{"line":18,"column":28}},"loc":{"start":{"line":18,"column":69},"end":{"line":27,"column":1}}},"2":{"name":"postTickets","decl":{"start":{"line":29,"column":15},"end":{"line":29,"column":26}},"loc":{"start":{"line":29,"column":67},"end":{"line":40,"column":1}}}},"branchMap":{},"s":{"0":11,"1":11,"2":2,"3":2,"4":2,"5":0,"6":11,"7":3,"8":3,"9":3,"10":1,"11":2,"12":3,"13":3,"14":3,"15":3,"16":2,"17":1,"18":11,"19":11},"f":{"0":2,"1":3,"2":3},"b":{}}
,"/Users/karinaalmeida/Desktop/projeto20-DrivenT/src/controllers/users-controller.ts": {"path":"/Users/karinaalmeida/Desktop/projeto20-DrivenT/src/controllers/users-controller.ts","statementMap":{"0":{"start":{"line":2,"column":0},"end":{"line":2,"column":37}},"1":{"start":{"line":3,"column":0},"end":{"line":3,"column":51}},"2":{"start":{"line":6,"column":30},"end":{"line":6,"column":38}},"3":{"start":{"line":8,"column":2},"end":{"line":19,"column":null}},"4":{"start":{"line":9,"column":17},"end":{"line":9,"column":66}},"5":{"start":{"line":10,"column":4},"end":{"line":13,"column":7}},"6":{"start":{"line":15,"column":4},"end":{"line":17,"column":null}},"7":{"start":{"line":16,"column":6},"end":{"line":16,"column":57}},"8":{"start":{"line":18,"column":4},"end":{"line":18,"column":58}},"9":{"start":{"line":5,"column":0},"end":{"line":5,"column":7}}},"fnMap":{"0":{"name":"usersPost","decl":{"start":{"line":5,"column":22},"end":{"line":5,"column":31}},"loc":{"start":{"line":5,"column":59},"end":{"line":20,"column":1}}}},"branchMap":{"0":{"loc":{"start":{"line":15,"column":4},"end":{"line":17,"column":null}},"type":"if","locations":[{"start":{"line":15,"column":4},"end":{"line":17,"column":null}}]}},"s":{"0":11,"1":11,"2":6,"3":6,"4":6,"5":0,"6":6,"7":0,"8":6,"9":11},"f":{"0":6},"b":{"0":[0]}}
,"/Users/karinaalmeida/Desktop/projeto20-DrivenT/src/errors/cannot-enroll-before-start-date-error.ts": {"path":"/Users/karinaalmeida/Desktop/projeto20-DrivenT/src/errors/cannot-enroll-before-start-date-error.ts","statementMap":{"0":{"start":{"line":4,"column":2},"end":{"line":7,"column":4}},"1":{"start":{"line":3,"column":0},"end":{"line":3,"column":16}}},"fnMap":{"0":{"name":"cannotEnrollBeforeStartDateError","decl":{"start":{"line":3,"column":16},"end":{"line":3,"column":48}},"loc":{"start":{"line":3,"column":48},"end":{"line":8,"column":1}}}},"branchMap":{},"s":{"0":6,"1":11},"f":{"0":6},"b":{}}
,"/Users/karinaalmeida/Desktop/projeto20-DrivenT/src/errors/conflict-error.ts": {"path":"/Users/karinaalmeida/Desktop/projeto20-DrivenT/src/errors/conflict-error.ts","statementMap":{"0":{"start":{"line":4,"column":2},"end":{"line":7,"column":4}},"1":{"start":{"line":3,"column":0},"end":{"line":3,"column":16}}},"fnMap":{"0":{"name":"conflictError","decl":{"start":{"line":3,"column":16},"end":{"line":3,"column":29}},"loc":{"start":{"line":3,"column":45},"end":{"line":8,"column":1}}}},"branchMap":{},"s":{"0":0,"1":11},"f":{"0":0},"b":{}}
,"/Users/karinaalmeida/Desktop/projeto20-DrivenT/src/errors/forbidden-required-error.ts": {"path":"/Users/karinaalmeida/Desktop/projeto20-DrivenT/src/errors/forbidden-required-error.ts","statementMap":{"0":{"start":{"line":4,"column":2},"end":{"line":7,"column":4}},"1":{"start":{"line":3,"column":0},"end":{"line":3,"column":16}}},"fnMap":{"0":{"name":"forbiddenError","decl":{"start":{"line":3,"column":16},"end":{"line":3,"column":30}},"loc":{"start":{"line":3,"column":30},"end":{"line":8,"column":1}}}},"branchMap":{},"s":{"0":2,"1":11},"f":{"0":2},"b":{}}
,"/Users/karinaalmeida/Desktop/projeto20-DrivenT/src/errors/index.ts": {"path":"/Users/karinaalmeida/Desktop/projeto20-DrivenT/src/errors/index.ts","statementMap":{"0":{"start":{"line":1,"column":0},"end":{"line":1,"column":56}},"1":{"start":{"line":2,"column":0},"end":{"line":2,"column":33}},"2":{"start":{"line":3,"column":0},"end":{"line":3,"column":37}},"3":{"start":{"line":4,"column":0},"end":{"line":4,"column":38}},"4":{"start":{"line":5,"column":0},"end":{"line":5,"column":34}},"5":{"start":{"line":6,"column":0},"end":{"line":6,"column":37}},"6":{"start":{"line":7,"column":0},"end":{"line":7,"column":32}}},"fnMap":{},"branchMap":{},"s":{"0":11,"1":11,"2":11,"3":11,"4":11,"5":11,"6":11},"f":{},"b":{}}
,"/Users/karinaalmeida/Desktop/projeto20-DrivenT/src/errors/invalid-data-error.ts": {"path":"/Users/karinaalmeida/Desktop/projeto20-DrivenT/src/errors/invalid-data-error.ts","statementMap":{"0":{"start":{"line":4,"column":2},"end":{"line":8,"column":4}},"1":{"start":{"line":3,"column":0},"end":{"line":3,"column":16}}},"fnMap":{"0":{"name":"invalidDataError","decl":{"start":{"line":3,"column":16},"end":{"line":3,"column":32}},"loc":{"start":{"line":3,"column":50},"end":{"line":9,"column":1}}}},"branchMap":{},"s":{"0":8,"1":11},"f":{"0":8},"b":{}}
,"/Users/karinaalmeida/Desktop/projeto20-DrivenT/src/errors/invalid-email-error.ts": {"path":"/Users/karinaalmeida/Desktop/projeto20-DrivenT/src/errors/invalid-email-error.ts","statementMap":{"0":{"start":{"line":4,"column":2},"end":{"line":8,"column":4}},"1":{"start":{"line":3,"column":0},"end":{"line":3,"column":16}}},"fnMap":{"0":{"name":"invalidEmailError","decl":{"start":{"line":3,"column":16},"end":{"line":3,"column":33}},"loc":{"start":{"line":3,"column":47},"end":{"line":9,"column":1}}}},"branchMap":{},"s":{"0":0,"1":11},"f":{"0":0},"b":{}}
,"/Users/karinaalmeida/Desktop/projeto20-DrivenT/src/errors/not-found-error.ts": {"path":"/Users/karinaalmeida/Desktop/projeto20-DrivenT/src/errors/not-found-error.ts","statementMap":{"0":{"start":{"line":4,"column":2},"end":{"line":7,"column":4}},"1":{"start":{"line":3,"column":0},"end":{"line":3,"column":16}}},"fnMap":{"0":{"name":"notFoundError","decl":{"start":{"line":3,"column":16},"end":{"line":3,"column":29}},"loc":{"start":{"line":3,"column":29},"end":{"line":8,"column":1}}}},"branchMap":{},"s":{"0":10,"1":11},"f":{"0":10},"b":{}}
,"/Users/karinaalmeida/Desktop/projeto20-DrivenT/src/errors/request-error.ts": {"path":"/Users/karinaalmeida/Desktop/projeto20-DrivenT/src/errors/request-error.ts","statementMap":{"0":{"start":{"line":4,"column":2},"end":{"line":10,"column":4}},"1":{"start":{"line":3,"column":0},"end":{"line":3,"column":16}}},"fnMap":{"0":{"name":"requestError","decl":{"start":{"line":3,"column":16},"end":{"line":3,"column":28}},"loc":{"start":{"line":3,"column":63},"end":{"line":11,"column":1}}}},"branchMap":{},"s":{"0":1,"1":11},"f":{"0":1},"b":{}}
,"/Users/karinaalmeida/Desktop/projeto20-DrivenT/src/errors/ticketNotFound.ts": {"path":"/Users/karinaalmeida/Desktop/projeto20-DrivenT/src/errors/ticketNotFound.ts","statementMap":{"0":{"start":{"line":4,"column":2},"end":{"line":7,"column":4}},"1":{"start":{"line":3,"column":0},"end":{"line":3,"column":16}}},"fnMap":{"0":{"name":"ticketNotFound","decl":{"start":{"line":3,"column":16},"end":{"line":3,"column":30}},"loc":{"start":{"line":3,"column":30},"end":{"line":8,"column":1}}}},"branchMap":{},"s":{"0":2,"1":11},"f":{"0":2},"b":{}}
,"/Users/karinaalmeida/Desktop/projeto20-DrivenT/src/errors/unauthorized-error.ts": {"path":"/Users/karinaalmeida/Desktop/projeto20-DrivenT/src/errors/unauthorized-error.ts","statementMap":{"0":{"start":{"line":4,"column":2},"end":{"line":7,"column":4}},"1":{"start":{"line":3,"column":0},"end":{"line":3,"column":16}}},"fnMap":{"0":{"name":"unauthorizedError","decl":{"start":{"line":3,"column":16},"end":{"line":3,"column":33}},"loc":{"start":{"line":3,"column":33},"end":{"line":8,"column":1}}}},"branchMap":{},"s":{"0":38,"1":11},"f":{"0":38},"b":{}}
,"/Users/karinaalmeida/Desktop/projeto20-DrivenT/src/errors/unrelatedTicket.ts": {"path":"/Users/karinaalmeida/Desktop/projeto20-DrivenT/src/errors/unrelatedTicket.ts","statementMap":{"0":{"start":{"line":4,"column":2},"end":{"line":7,"column":4}},"1":{"start":{"line":3,"column":0},"end":{"line":3,"column":16}}},"fnMap":{"0":{"name":"unrelatedTicket","decl":{"start":{"line":3,"column":16},"end":{"line":3,"column":31}},"loc":{"start":{"line":3,"column":31},"end":{"line":8,"column":1}}}},"branchMap":{},"s":{"0":0,"1":11},"f":{"0":0},"b":{}}
,"/Users/karinaalmeida/Desktop/projeto20-DrivenT/src/middlewares/authentication-middleware.ts": {"path":"/Users/karinaalmeida/Desktop/projeto20-DrivenT/src/middlewares/authentication-middleware.ts","statementMap":{"0":{"start":{"line":2,"column":0},"end":{"line":2,"column":37}},"1":{"start":{"line":3,"column":0},"end":{"line":3,"column":36}},"2":{"start":{"line":5,"column":0},"end":{"line":5,"column":45}},"3":{"start":{"line":6,"column":0},"end":{"line":6,"column":34}},"4":{"start":{"line":9,"column":21},"end":{"line":9,"column":48}},"5":{"start":{"line":10,"column":2},"end":{"line":10,"column":60}},"6":{"start":{"line":10,"column":19},"end":{"line":10,"column":60}},"7":{"start":{"line":12,"column":16},"end":{"line":12,"column":40}},"8":{"start":{"line":13,"column":2},"end":{"line":13,"column":55}},"9":{"start":{"line":13,"column":14},"end":{"line":13,"column":55}},"10":{"start":{"line":15,"column":2},"end":{"line":30,"column":null}},"11":{"start":{"line":16,"column":23},"end":{"line":16,"column":78}},"12":{"start":{"line":18,"column":20},"end":{"line":22,"column":6}},"13":{"start":{"line":23,"column":4},"end":{"line":23,"column":59}},"14":{"start":{"line":23,"column":18},"end":{"line":23,"column":59}},"15":{"start":{"line":25,"column":4},"end":{"line":25,"column":24}},"16":{"start":{"line":27,"column":4},"end":{"line":27,"column":18}},"17":{"start":{"line":29,"column":4},"end":{"line":29,"column":45}},"18":{"start":{"line":8,"column":0},"end":{"line":8,"column":7}},"19":{"start":{"line":34,"column":2},"end":{"line":34,"column":64}}},"fnMap":{"0":{"name":"authenticateToken","decl":{"start":{"line":8,"column":22},"end":{"line":8,"column":39}},"loc":{"start":{"line":8,"column":100},"end":{"line":31,"column":1}}},"1":{"name":"generateUnauthorizedResponse","decl":{"start":{"line":33,"column":9},"end":{"line":33,"column":37}},"loc":{"start":{"line":33,"column":51},"end":{"line":35,"column":1}}}},"branchMap":{"0":{"loc":{"start":{"line":10,"column":2},"end":{"line":10,"column":60}},"type":"if","locations":[{"start":{"line":10,"column":2},"end":{"line":10,"column":60}}]},"1":{"loc":{"start":{"line":13,"column":2},"end":{"line":13,"column":55}},"type":"if","locations":[{"start":{"line":13,"column":2},"end":{"line":13,"column":55}}]},"2":{"loc":{"start":{"line":23,"column":4},"end":{"line":23,"column":59}},"type":"if","locations":[{"start":{"line":23,"column":4},"end":{"line":23,"column":59}}]}},"s":{"0":11,"1":11,"2":11,"3":11,"4":69,"5":69,"6":12,"7":57,"8":57,"9":0,"10":57,"11":57,"12":45,"13":45,"14":14,"15":31,"16":31,"17":12,"18":11,"19":38},"f":{"0":69,"1":38},"b":{"0":[12],"1":[0],"2":[14]}}
,"/Users/karinaalmeida/Desktop/projeto20-DrivenT/src/middlewares/error-handling-middleware.ts": {"path":"/Users/karinaalmeida/Desktop/projeto20-DrivenT/src/middlewares/error-handling-middleware.ts","statementMap":{"0":{"start":{"line":2,"column":0},"end":{"line":2,"column":37}},"1":{"start":{"line":11,"column":2},"end":{"line":15,"column":null}},"2":{"start":{"line":12,"column":4},"end":{"line":14,"column":7}},"3":{"start":{"line":17,"column":2},"end":{"line":21,"column":null}},"4":{"start":{"line":18,"column":4},"end":{"line":20,"column":7}},"5":{"start":{"line":23,"column":2},"end":{"line":27,"column":null}},"6":{"start":{"line":24,"column":4},"end":{"line":26,"column":7}},"7":{"start":{"line":29,"column":2},"end":{"line":33,"column":null}},"8":{"start":{"line":30,"column":4},"end":{"line":32,"column":7}},"9":{"start":{"line":35,"column":2},"end":{"line":39,"column":null}},"10":{"start":{"line":36,"column":4},"end":{"line":38,"column":7}},"11":{"start":{"line":41,"column":2},"end":{"line":45,"column":null}},"12":{"start":{"line":42,"column":4},"end":{"line":44,"column":7}},"13":{"start":{"line":47,"column":2},"end":{"line":51,"column":null}},"14":{"start":{"line":48,"column":4},"end":{"line":50,"column":7}},"15":{"start":{"line":54,"column":2},"end":{"line":54,"column":26}},"16":{"start":{"line":55,"column":2},"end":{"line":58,"column":5}},"17":{"start":{"line":5,"column":0},"end":{"line":5,"column":16}}},"fnMap":{"0":{"name":"handleApplicationErrors","decl":{"start":{"line":5,"column":16},"end":{"line":5,"column":39}},"loc":{"start":{"line":9,"column":21},"end":{"line":59,"column":1}}}},"branchMap":{"0":{"loc":{"start":{"line":11,"column":2},"end":{"line":15,"column":null}},"type":"if","locations":[{"start":{"line":11,"column":2},"end":{"line":15,"column":null}}]},"1":{"loc":{"start":{"line":17,"column":2},"end":{"line":21,"column":null}},"type":"if","locations":[{"start":{"line":17,"column":2},"end":{"line":21,"column":null}}]},"2":{"loc":{"start":{"line":17,"column":6},"end":{"line":17,"column":73}},"type":"binary-expr","locations":[{"start":{"line":17,"column":6},"end":{"line":17,"column":34}},{"start":{"line":17,"column":38},"end":{"line":17,"column":73}}]},"3":{"loc":{"start":{"line":23,"column":2},"end":{"line":27,"column":null}},"type":"if","locations":[{"start":{"line":23,"column":2},"end":{"line":27,"column":null}}]},"4":{"loc":{"start":{"line":29,"column":2},"end":{"line":33,"column":null}},"type":"if","locations":[{"start":{"line":29,"column":2},"end":{"line":33,"column":null}}]},"5":{"loc":{"start":{"line":35,"column":2},"end":{"line":39,"column":null}},"type":"if","locations":[{"start":{"line":35,"column":2},"end":{"line":39,"column":null}}]},"6":{"loc":{"start":{"line":35,"column":6},"end":{"line":35,"column":72}},"type":"binary-expr","locations":[{"start":{"line":35,"column":6},"end":{"line":35,"column":38}},{"start":{"line":35,"column":42},"end":{"line":35,"column":72}}]},"7":{"loc":{"start":{"line":41,"column":2},"end":{"line":45,"column":null}},"type":"if","locations":[{"start":{"line":41,"column":2},"end":{"line":45,"column":null}}]},"8":{"loc":{"start":{"line":41,"column":6},"end":{"line":41,"column":67}},"type":"binary-expr","locations":[{"start":{"line":41,"column":6},"end":{"line":41,"column":34}},{"start":{"line":41,"column":38},"end":{"line":41,"column":67}}]},"9":{"loc":{"start":{"line":47,"column":2},"end":{"line":51,"column":null}},"type":"if","locations":[{"start":{"line":47,"column":2},"end":{"line":51,"column":null}}]}},"s":{"0":11,"1":10,"2":0,"3":10,"4":0,"5":10,"6":0,"7":10,"8":2,"9":8,"10":0,"11":8,"12":8,"13":0,"14":0,"15":0,"16":0,"17":11},"f":{"0":10},"b":{"0":[0],"1":[0],"2":[10,10],"3":[0],"4":[2],"5":[0],"6":[8,8],"7":[8],"8":[8,2],"9":[0]}}
,"/Users/karinaalmeida/Desktop/projeto20-DrivenT/src/middlewares/index.ts": {"path":"/Users/karinaalmeida/Desktop/projeto20-DrivenT/src/middlewares/index.ts","statementMap":{"0":{"start":{"line":1,"column":0},"end":{"line":1,"column":44}},"1":{"start":{"line":2,"column":0},"end":{"line":2,"column":40}},"2":{"start":{"line":3,"column":0},"end":{"line":3,"column":44}}},"fnMap":{},"branchMap":{},"s":{"0":11,"1":11,"2":11},"f":{},"b":{}}
,"/Users/karinaalmeida/Desktop/projeto20-DrivenT/src/middlewares/validation-middleware.ts": {"path":"/Users/karinaalmeida/Desktop/projeto20-DrivenT/src/middlewares/validation-middleware.ts","statementMap":{"0":{"start":{"line":2,"column":0},"end":{"line":2,"column":37}},"1":{"start":{"line":4,"column":0},"end":{"line":4,"column":44}},"2":{"start":{"line":7,"column":2},"end":{"line":7,"column":34}},"3":{"start":{"line":6,"column":0},"end":{"line":6,"column":16}},"4":{"start":{"line":11,"column":2},"end":{"line":11,"column":36}},"5":{"start":{"line":10,"column":0},"end":{"line":10,"column":16}},"6":{"start":{"line":15,"column":2},"end":{"line":25,"column":4}},"7":{"start":{"line":16,"column":22},"end":{"line":18,"column":6}},"8":{"start":{"line":20,"column":4},"end":{"line":24,"column":null}},"9":{"start":{"line":21,"column":6},"end":{"line":21,"column":13}},"10":{"start":{"line":23,"column":6},"end":{"line":23,"column":101}},"11":{"start":{"line":23,"column":88},"end":{"line":23,"column":97}}},"fnMap":{"0":{"name":"validateBody","decl":{"start":{"line":6,"column":16},"end":{"line":6,"column":28}},"loc":{"start":{"line":6,"column":55},"end":{"line":8,"column":1}}},"1":{"name":"validateParams","decl":{"start":{"line":10,"column":16},"end":{"line":10,"column":30}},"loc":{"start":{"line":10,"column":57},"end":{"line":12,"column":1}}},"2":{"name":"validate","decl":{"start":{"line":14,"column":9},"end":{"line":14,"column":17}},"loc":{"start":{"line":14,"column":63},"end":{"line":26,"column":1}}},"3":{"name":"(anonymous_4)","decl":{"start":{"line":15,"column":9},"end":{"line":15,"column":10}},"loc":{"start":{"line":15,"column":61},"end":{"line":25,"column":3}}},"4":{"name":"(anonymous_5)","decl":{"start":{"line":23,"column":81},"end":{"line":23,"column":82}},"loc":{"start":{"line":23,"column":88},"end":{"line":23,"column":97}}}},"branchMap":{"0":{"loc":{"start":{"line":20,"column":4},"end":{"line":24,"column":null}},"type":"if","locations":[{"start":{"line":20,"column":4},"end":{"line":24,"column":null}},{"start":{"line":22,"column":11},"end":{"line":24,"column":null}}]}},"s":{"0":11,"1":11,"2":44,"3":11,"4":0,"5":11,"6":44,"7":24,"8":24,"9":16,"10":8,"11":24},"f":{"0":44,"1":0,"2":44,"3":24,"4":24},"b":{"0":[16,8]}}
,"/Users/karinaalmeida/Desktop/projeto20-DrivenT/src/repositories/address-repository/index.ts": {"path":"/Users/karinaalmeida/Desktop/projeto20-DrivenT/src/repositories/address-repository/index.ts","statementMap":{"0":{"start":{"line":2,"column":0},"end":{"line":2,"column":34}},"1":{"start":{"line":5,"column":2},"end":{"line":14,"column":5}},"2":{"start":{"line":20,"column":26},"end":{"line":22,"column":2}},"3":{"start":{"line":24,"column":0},"end":{"line":24,"column":33}}},"fnMap":{"0":{"name":"upsert","decl":{"start":{"line":4,"column":15},"end":{"line":4,"column":21}},"loc":{"start":{"line":4,"column":116},"end":{"line":15,"column":1}}}},"branchMap":{},"s":{"0":11,"1":0,"2":11,"3":11},"f":{"0":0},"b":{}}
,"/Users/karinaalmeida/Desktop/projeto20-DrivenT/src/repositories/booking-repository/index.ts": {"path":"/Users/karinaalmeida/Desktop/projeto20-DrivenT/src/repositories/booking-repository/index.ts","statementMap":{"0":{"start":{"line":2,"column":0},"end":{"line":2,"column":34}},"1":{"start":{"line":5,"column":2},"end":{"line":9,"column":5}},"2":{"start":{"line":13,"column":2},"end":{"line":17,"column":5}},"3":{"start":{"line":21,"column":2},"end":{"line":29,"column":5}},"4":{"start":{"line":33,"column":2},"end":{"line":38,"column":5}},"5":{"start":{"line":42,"column":2},"end":{"line":50,"column":5}},"6":{"start":{"line":53,"column":26},"end":{"line":59,"column":2}},"7":{"start":{"line":61,"column":0},"end":{"line":61,"column":33}}},"fnMap":{"0":{"name":"findById","decl":{"start":{"line":4,"column":15},"end":{"line":4,"column":23}},"loc":{"start":{"line":4,"column":38},"end":{"line":10,"column":1}}},"1":{"name":"countSpots","decl":{"start":{"line":12,"column":15},"end":{"line":12,"column":25}},"loc":{"start":{"line":12,"column":40},"end":{"line":18,"column":1}}},"2":{"name":"getBooking","decl":{"start":{"line":20,"column":15},"end":{"line":20,"column":25}},"loc":{"start":{"line":20,"column":36},"end":{"line":30,"column":1}}},"3":{"name":"postBooking","decl":{"start":{"line":32,"column":15},"end":{"line":32,"column":26}},"loc":{"start":{"line":32,"column":53},"end":{"line":39,"column":1}}},"4":{"name":"updateBooking","decl":{"start":{"line":41,"column":15},"end":{"line":41,"column":28}},"loc":{"start":{"line":41,"column":74},"end":{"line":51,"column":1}}}},"branchMap":{},"s":{"0":11,"1":0,"2":0,"3":2,"4":0,"5":0,"6":11,"7":11},"f":{"0":0,"1":0,"2":2,"3":0,"4":0},"b":{}}
,"/Users/karinaalmeida/Desktop/projeto20-DrivenT/src/repositories/enrollment-repository/index.ts": {"path":"/Users/karinaalmeida/Desktop/projeto20-DrivenT/src/repositories/enrollment-repository/index.ts","statementMap":{"0":{"start":{"line":2,"column":0},"end":{"line":2,"column":34}},"1":{"start":{"line":5,"column":2},"end":{"line":10,"column":5}},"2":{"start":{"line":18,"column":2},"end":{"line":24,"column":5}},"3":{"start":{"line":28,"column":2},"end":{"line":30,"column":5}},"4":{"start":{"line":36,"column":29},"end":{"line":40,"column":2}},"5":{"start":{"line":42,"column":0},"end":{"line":42,"column":36}}},"fnMap":{"0":{"name":"findWithAddressByUserId","decl":{"start":{"line":4,"column":15},"end":{"line":4,"column":38}},"loc":{"start":{"line":4,"column":53},"end":{"line":11,"column":1}}},"1":{"name":"upsert","decl":{"start":{"line":13,"column":15},"end":{"line":13,"column":21}},"loc":{"start":{"line":16,"column":43},"end":{"line":25,"column":1}}},"2":{"name":"findById","decl":{"start":{"line":27,"column":15},"end":{"line":27,"column":23}},"loc":{"start":{"line":27,"column":44},"end":{"line":31,"column":1}}}},"branchMap":{},"s":{"0":11,"1":15,"2":2,"3":0,"4":11,"5":11},"f":{"0":15,"1":2,"2":0},"b":{}}
,"/Users/karinaalmeida/Desktop/projeto20-DrivenT/src/repositories/event-repository/index.ts": {"path":"/Users/karinaalmeida/Desktop/projeto20-DrivenT/src/repositories/event-repository/index.ts","statementMap":{"0":{"start":{"line":1,"column":0},"end":{"line":1,"column":34}},"1":{"start":{"line":4,"column":2},"end":{"line":4,"column":34}},"2":{"start":{"line":7,"column":24},"end":{"line":9,"column":2}},"3":{"start":{"line":11,"column":0},"end":{"line":11,"column":31}}},"fnMap":{"0":{"name":"findFirst","decl":{"start":{"line":3,"column":15},"end":{"line":3,"column":24}},"loc":{"start":{"line":3,"column":24},"end":{"line":5,"column":1}}}},"branchMap":{},"s":{"0":11,"1":11,"2":11,"3":11},"f":{"0":11},"b":{}}
,"/Users/karinaalmeida/Desktop/projeto20-DrivenT/src/repositories/hotels-repository/index.ts": {"path":"/Users/karinaalmeida/Desktop/projeto20-DrivenT/src/repositories/hotels-repository/index.ts","statementMap":{"0":{"start":{"line":1,"column":0},"end":{"line":1,"column":34}},"1":{"start":{"line":4,"column":2},"end":{"line":4,"column":33}},"2":{"start":{"line":8,"column":2},"end":{"line":13,"column":5}},"3":{"start":{"line":16,"column":25},"end":{"line":19,"column":2}},"4":{"start":{"line":21,"column":0},"end":{"line":21,"column":32}}},"fnMap":{"0":{"name":"getHotels","decl":{"start":{"line":3,"column":15},"end":{"line":3,"column":24}},"loc":{"start":{"line":3,"column":24},"end":{"line":5,"column":1}}},"1":{"name":"getHotelRooms","decl":{"start":{"line":7,"column":15},"end":{"line":7,"column":28}},"loc":{"start":{"line":7,"column":44},"end":{"line":14,"column":1}}}},"branchMap":{},"s":{"0":11,"1":0,"2":0,"3":11,"4":11},"f":{"0":0,"1":0},"b":{}}
,"/Users/karinaalmeida/Desktop/projeto20-DrivenT/src/repositories/payment-repository/index.ts": {"path":"/Users/karinaalmeida/Desktop/projeto20-DrivenT/src/repositories/payment-repository/index.ts","statementMap":{"0":{"start":{"line":2,"column":0},"end":{"line":2,"column":34}},"1":{"start":{"line":11,"column":2},"end":{"line":17,"column":5}},"2":{"start":{"line":21,"column":2},"end":{"line":23,"column":5}},"3":{"start":{"line":27,"column":2},"end":{"line":34,"column":5}},"4":{"start":{"line":37,"column":26},"end":{"line":41,"column":2}},"5":{"start":{"line":43,"column":0},"end":{"line":43,"column":33}}},"fnMap":{"0":{"name":"getTicketsById","decl":{"start":{"line":5,"column":15},"end":{"line":5,"column":29}},"loc":{"start":{"line":5,"column":46},"end":{"line":18,"column":1}}},"1":{"name":"getPayment","decl":{"start":{"line":20,"column":15},"end":{"line":20,"column":25}},"loc":{"start":{"line":20,"column":42},"end":{"line":24,"column":1}}},"2":{"name":"postPayment","decl":{"start":{"line":26,"column":15},"end":{"line":26,"column":26}},"loc":{"start":{"line":26,"column":58},"end":{"line":35,"column":1}}}},"branchMap":{},"s":{"0":11,"1":4,"2":1,"3":1,"4":11,"5":11},"f":{"0":4,"1":1,"2":1},"b":{}}
,"/Users/karinaalmeida/Desktop/projeto20-DrivenT/src/repositories/session-repository/index.ts": {"path":"/Users/karinaalmeida/Desktop/projeto20-DrivenT/src/repositories/session-repository/index.ts","statementMap":{"0":{"start":{"line":2,"column":0},"end":{"line":2,"column":34}},"1":{"start":{"line":5,"column":2},"end":{"line":7,"column":5}},"2":{"start":{"line":10,"column":26},"end":{"line":12,"column":2}},"3":{"start":{"line":14,"column":0},"end":{"line":14,"column":33}}},"fnMap":{"0":{"name":"create","decl":{"start":{"line":4,"column":15},"end":{"line":4,"column":21}},"loc":{"start":{"line":4,"column":62},"end":{"line":8,"column":1}}}},"branchMap":{},"s":{"0":11,"1":5,"2":11,"3":11},"f":{"0":5},"b":{}}
,"/Users/karinaalmeida/Desktop/projeto20-DrivenT/src/repositories/ticket-repository/index.ts": {"path":"/Users/karinaalmeida/Desktop/projeto20-DrivenT/src/repositories/ticket-repository/index.ts","statementMap":{"0":{"start":{"line":2,"column":0},"end":{"line":2,"column":34}},"1":{"start":{"line":5,"column":2},"end":{"line":5,"column":38}},"2":{"start":{"line":13,"column":2},"end":{"line":18,"column":5}},"3":{"start":{"line":27,"column":23},"end":{"line":42,"column":4}},"4":{"start":{"line":43,"column":2},"end":{"line":43,"column":22}},"5":{"start":{"line":46,"column":25},"end":{"line":50,"column":2}},"6":{"start":{"line":52,"column":0},"end":{"line":52,"column":32}}},"fnMap":{"0":{"name":"getType","decl":{"start":{"line":4,"column":15},"end":{"line":4,"column":22}},"loc":{"start":{"line":4,"column":22},"end":{"line":6,"column":1}}},"1":{"name":"getTickets","decl":{"start":{"line":8,"column":15},"end":{"line":8,"column":25}},"loc":{"start":{"line":8,"column":46},"end":{"line":19,"column":1}}},"2":{"name":"postTicket","decl":{"start":{"line":21,"column":15},"end":{"line":21,"column":25}},"loc":{"start":{"line":25,"column":13},"end":{"line":44,"column":1}}}},"branchMap":{"0":{"loc":{"start":{"line":29,"column":10},"end":{"line":29,"column":17}},"type":"binary-expr","locations":[{"start":{"line":29,"column":10},"end":{"line":29,"column":12}},{"start":{"line":29,"column":16},"end":{"line":29,"column":17}}]}},"s":{"0":11,"1":2,"2":5,"3":3,"4":3,"5":11,"6":11},"f":{"0":2,"1":5,"2":3},"b":{"0":[3,2]}}
,"/Users/karinaalmeida/Desktop/projeto20-DrivenT/src/repositories/user-repository/index.ts": {"path":"/Users/karinaalmeida/Desktop/projeto20-DrivenT/src/repositories/user-repository/index.ts","statementMap":{"0":{"start":{"line":2,"column":0},"end":{"line":2,"column":34}},"1":{"start":{"line":5,"column":44},"end":{"line":9,"column":4}},"2":{"start":{"line":11,"column":2},"end":{"line":13,"column":null}},"3":{"start":{"line":12,"column":4},"end":{"line":12,"column":27}},"4":{"start":{"line":15,"column":2},"end":{"line":15,"column":40}},"5":{"start":{"line":19,"column":2},"end":{"line":21,"column":5}},"6":{"start":{"line":24,"column":23},"end":{"line":27,"column":2}},"7":{"start":{"line":29,"column":0},"end":{"line":29,"column":30}}},"fnMap":{"0":{"name":"findByEmail","decl":{"start":{"line":4,"column":15},"end":{"line":4,"column":26}},"loc":{"start":{"line":4,"column":68},"end":{"line":16,"column":1}}},"1":{"name":"create","decl":{"start":{"line":18,"column":15},"end":{"line":18,"column":21}},"loc":{"start":{"line":18,"column":59},"end":{"line":22,"column":1}}}},"branchMap":{"0":{"loc":{"start":{"line":11,"column":2},"end":{"line":13,"column":null}},"type":"if","locations":[{"start":{"line":11,"column":2},"end":{"line":13,"column":null}}]}},"s":{"0":11,"1":12,"2":12,"3":9,"4":12,"5":2,"6":11,"7":11},"f":{"0":12,"1":2},"b":{"0":[9]}}
,"/Users/karinaalmeida/Desktop/projeto20-DrivenT/src/routers/authentication-router.ts": {"path":"/Users/karinaalmeida/Desktop/projeto20-DrivenT/src/routers/authentication-router.ts","statementMap":{"0":{"start":{"line":1,"column":0},"end":{"line":1,"column":33}},"1":{"start":{"line":2,"column":0},"end":{"line":2,"column":43}},"2":{"start":{"line":3,"column":0},"end":{"line":3,"column":45}},"3":{"start":{"line":4,"column":0},"end":{"line":4,"column":41}},"4":{"start":{"line":6,"column":29},"end":{"line":6,"column":37}},"5":{"start":{"line":10,"column":9},"end":{"line":10,"column":29}},"6":{"start":{"line":8,"column":0},"end":{"line":8,"column":78}}},"fnMap":{},"branchMap":{},"s":{"0":11,"1":11,"2":11,"3":11,"4":11,"5":11,"6":11},"f":{},"b":{}}
,"/Users/karinaalmeida/Desktop/projeto20-DrivenT/src/routers/booking-router.ts": {"path":"/Users/karinaalmeida/Desktop/projeto20-DrivenT/src/routers/booking-router.ts","statementMap":{"0":{"start":{"line":1,"column":0},"end":{"line":1,"column":33}},"1":{"start":{"line":2,"column":0},"end":{"line":2,"column":64}},"2":{"start":{"line":3,"column":0},"end":{"line":3,"column":65}},"3":{"start":{"line":5,"column":22},"end":{"line":5,"column":30}},"4":{"start":{"line":9,"column":9},"end":{"line":9,"column":22}},"5":{"start":{"line":7,"column":0},"end":{"line":7,"column":175}}},"fnMap":{},"branchMap":{},"s":{"0":11,"1":11,"2":11,"3":11,"4":11,"5":11},"f":{},"b":{}}
,"/Users/karinaalmeida/Desktop/projeto20-DrivenT/src/routers/enrollments-router.ts": {"path":"/Users/karinaalmeida/Desktop/projeto20-DrivenT/src/routers/enrollments-router.ts","statementMap":{"0":{"start":{"line":1,"column":0},"end":{"line":1,"column":33}},"1":{"start":{"line":2,"column":0},"end":{"line":2,"column":64}},"2":{"start":{"line":3,"column":0},"end":{"line":3,"column":101}},"3":{"start":{"line":4,"column":0},"end":{"line":4,"column":51}},"4":{"start":{"line":6,"column":26},"end":{"line":6,"column":34}},"5":{"start":{"line":14,"column":9},"end":{"line":14,"column":26}},"6":{"start":{"line":8,"column":0},"end":{"line":12,"column":81}}},"fnMap":{},"branchMap":{},"s":{"0":11,"1":11,"2":11,"3":11,"4":11,"5":11,"6":11},"f":{},"b":{}}
,"/Users/karinaalmeida/Desktop/projeto20-DrivenT/src/routers/events-router.ts": {"path":"/Users/karinaalmeida/Desktop/projeto20-DrivenT/src/routers/events-router.ts","statementMap":{"0":{"start":{"line":1,"column":0},"end":{"line":1,"column":33}},"1":{"start":{"line":2,"column":0},"end":{"line":2,"column":48}},"2":{"start":{"line":4,"column":21},"end":{"line":4,"column":29}},"3":{"start":{"line":8,"column":9},"end":{"line":8,"column":21}},"4":{"start":{"line":6,"column":0},"end":{"line":6,"column":39}}},"fnMap":{},"branchMap":{},"s":{"0":11,"1":11,"2":11,"3":11,"4":11},"f":{},"b":{}}
,"/Users/karinaalmeida/Desktop/projeto20-DrivenT/src/routers/hotels-router.ts": {"path":"/Users/karinaalmeida/Desktop/projeto20-DrivenT/src/routers/hotels-router.ts","statementMap":{"0":{"start":{"line":1,"column":0},"end":{"line":1,"column":33}},"1":{"start":{"line":2,"column":0},"end":{"line":2,"column":50}},"2":{"start":{"line":3,"column":0},"end":{"line":3,"column":63}},"3":{"start":{"line":5,"column":20},"end":{"line":5,"column":28}},"4":{"start":{"line":12,"column":9},"end":{"line":12,"column":20}},"5":{"start":{"line":7,"column":0},"end":{"line":10,"column":52}}},"fnMap":{},"branchMap":{},"s":{"0":11,"1":11,"2":11,"3":11,"4":11,"5":11},"f":{},"b":{}}
,"/Users/karinaalmeida/Desktop/projeto20-DrivenT/src/routers/index.ts": {"path":"/Users/karinaalmeida/Desktop/projeto20-DrivenT/src/routers/index.ts","statementMap":{"0":{"start":{"line":1,"column":0},"end":{"line":1,"column":31}},"1":{"start":{"line":2,"column":0},"end":{"line":2,"column":40}},"2":{"start":{"line":3,"column":0},"end":{"line":3,"column":32}},"3":{"start":{"line":4,"column":0},"end":{"line":4,"column":37}},"4":{"start":{"line":5,"column":0},"end":{"line":5,"column":32}},"5":{"start":{"line":6,"column":0},"end":{"line":6,"column":33}},"6":{"start":{"line":7,"column":0},"end":{"line":7,"column":32}}},"fnMap":{},"branchMap":{},"s":{"0":11,"1":11,"2":11,"3":11,"4":11,"5":11,"6":11},"f":{},"b":{}}
,"/Users/karinaalmeida/Desktop/projeto20-DrivenT/src/routers/payment-router.ts": {"path":"/Users/karinaalmeida/Desktop/projeto20-DrivenT/src/routers/payment-router.ts","statementMap":{"0":{"start":{"line":1,"column":0},"end":{"line":1,"column":33}},"1":{"start":{"line":2,"column":0},"end":{"line":2,"column":50}},"2":{"start":{"line":3,"column":0},"end":{"line":3,"column":65}},"3":{"start":{"line":5,"column":22},"end":{"line":5,"column":30}},"4":{"start":{"line":12,"column":9},"end":{"line":12,"column":22}},"5":{"start":{"line":7,"column":0},"end":{"line":10,"column":51}}},"fnMap":{},"branchMap":{},"s":{"0":11,"1":11,"2":11,"3":11,"4":11,"5":11},"f":{},"b":{}}
,"/Users/karinaalmeida/Desktop/projeto20-DrivenT/src/routers/ticket-router.ts": {"path":"/Users/karinaalmeida/Desktop/projeto20-DrivenT/src/routers/ticket-router.ts","statementMap":{"0":{"start":{"line":1,"column":0},"end":{"line":1,"column":33}},"1":{"start":{"line":2,"column":0},"end":{"line":2,"column":64}},"2":{"start":{"line":3,"column":0},"end":{"line":3,"column":64}},"3":{"start":{"line":4,"column":0},"end":{"line":4,"column":55}},"4":{"start":{"line":6,"column":21},"end":{"line":6,"column":29}},"5":{"start":{"line":14,"column":9},"end":{"line":14,"column":21}},"6":{"start":{"line":8,"column":0},"end":{"line":12,"column":72}}},"fnMap":{},"branchMap":{},"s":{"0":11,"1":11,"2":11,"3":11,"4":11,"5":11,"6":11},"f":{},"b":{}}
,"/Users/karinaalmeida/Desktop/projeto20-DrivenT/src/routers/users-router.ts": {"path":"/Users/karinaalmeida/Desktop/projeto20-DrivenT/src/routers/users-router.ts","statementMap":{"0":{"start":{"line":1,"column":0},"end":{"line":1,"column":33}},"1":{"start":{"line":3,"column":0},"end":{"line":3,"column":45}},"2":{"start":{"line":4,"column":0},"end":{"line":4,"column":45}},"3":{"start":{"line":5,"column":0},"end":{"line":5,"column":42}},"4":{"start":{"line":7,"column":20},"end":{"line":7,"column":28}},"5":{"start":{"line":11,"column":9},"end":{"line":11,"column":20}},"6":{"start":{"line":9,"column":0},"end":{"line":9,"column":65}}},"fnMap":{},"branchMap":{},"s":{"0":11,"1":11,"2":11,"3":11,"4":11,"5":11,"6":11},"f":{},"b":{}}
,"/Users/karinaalmeida/Desktop/projeto20-DrivenT/src/schemas/authentication-schemas.ts": {"path":"/Users/karinaalmeida/Desktop/projeto20-DrivenT/src/schemas/authentication-schemas.ts","statementMap":{"0":{"start":{"line":1,"column":0},"end":{"line":1,"column":22}},"1":{"start":{"line":4,"column":13},"end":{"line":7,"column":3}}},"fnMap":{},"branchMap":{},"s":{"0":14,"1":14},"f":{},"b":{}}
,"/Users/karinaalmeida/Desktop/projeto20-DrivenT/src/schemas/enrollments-schemas.ts": {"path":"/Users/karinaalmeida/Desktop/projeto20-DrivenT/src/schemas/enrollments-schemas.ts","statementMap":{"0":{"start":{"line":1,"column":0},"end":{"line":1,"column":105}},"1":{"start":{"line":2,"column":0},"end":{"line":2,"column":22}},"2":{"start":{"line":5,"column":28},"end":{"line":5,"column":87}},"3":{"start":{"line":7,"column":28},"end":{"line":7,"column":86}},"4":{"start":{"line":9,"column":36},"end":{"line":9,"column":108}},"5":{"start":{"line":11,"column":13},"end":{"line":28,"column":3}},"6":{"start":{"line":23,"column":39},"end":{"line":23,"column":45}},"7":{"start":{"line":31,"column":2},"end":{"line":31,"column":27}},"8":{"start":{"line":31,"column":14},"end":{"line":31,"column":27}},"9":{"start":{"line":33,"column":2},"end":{"line":35,"column":null}},"10":{"start":{"line":34,"column":4},"end":{"line":34,"column":40}},"11":{"start":{"line":37,"column":2},"end":{"line":37,"column":15}},"12":{"start":{"line":41,"column":2},"end":{"line":41,"column":27}},"13":{"start":{"line":41,"column":14},"end":{"line":41,"column":27}},"14":{"start":{"line":43,"column":2},"end":{"line":45,"column":null}},"15":{"start":{"line":44,"column":4},"end":{"line":44,"column":40}},"16":{"start":{"line":47,"column":2},"end":{"line":47,"column":15}},"17":{"start":{"line":51,"column":2},"end":{"line":51,"column":27}},"18":{"start":{"line":51,"column":14},"end":{"line":51,"column":27}},"19":{"start":{"line":53,"column":2},"end":{"line":55,"column":null}},"20":{"start":{"line":54,"column":4},"end":{"line":54,"column":40}},"21":{"start":{"line":57,"column":2},"end":{"line":57,"column":15}}},"fnMap":{"0":{"name":"(anonymous_1)","decl":{"start":{"line":23,"column":32},"end":{"line":23,"column":33}},"loc":{"start":{"line":23,"column":39},"end":{"line":23,"column":45}}},"1":{"name":"joiCpfValidation","decl":{"start":{"line":30,"column":9},"end":{"line":30,"column":25}},"loc":{"start":{"line":30,"column":75},"end":{"line":38,"column":1}}},"2":{"name":"JoiCepValidation","decl":{"start":{"line":40,"column":9},"end":{"line":40,"column":25}},"loc":{"start":{"line":40,"column":75},"end":{"line":48,"column":1}}},"3":{"name":"joiMobilePhoneValidation","decl":{"start":{"line":50,"column":9},"end":{"line":50,"column":33}},"loc":{"start":{"line":50,"column":83},"end":{"line":58,"column":1}}}},"branchMap":{"0":{"loc":{"start":{"line":31,"column":2},"end":{"line":31,"column":27}},"type":"if","locations":[{"start":{"line":31,"column":2},"end":{"line":31,"column":27}}]},"1":{"loc":{"start":{"line":33,"column":2},"end":{"line":35,"column":null}},"type":"if","locations":[{"start":{"line":33,"column":2},"end":{"line":35,"column":null}}]},"2":{"loc":{"start":{"line":41,"column":2},"end":{"line":41,"column":27}},"type":"if","locations":[{"start":{"line":41,"column":2},"end":{"line":41,"column":27}}]},"3":{"loc":{"start":{"line":43,"column":2},"end":{"line":45,"column":null}},"type":"if","locations":[{"start":{"line":43,"column":2},"end":{"line":45,"column":null}}]},"4":{"loc":{"start":{"line":51,"column":2},"end":{"line":51,"column":27}},"type":"if","locations":[{"start":{"line":51,"column":2},"end":{"line":51,"column":27}}]},"5":{"loc":{"start":{"line":53,"column":2},"end":{"line":55,"column":null}},"type":"if","locations":[{"start":{"line":53,"column":2},"end":{"line":55,"column":null}}]}},"s":{"0":14,"1":14,"2":14,"3":14,"4":14,"5":14,"6":378,"7":29,"8":0,"9":29,"10":1,"11":28,"12":19,"13":0,"14":19,"15":1,"16":18,"17":23,"18":0,"19":23,"20":0,"21":23},"f":{"0":378,"1":29,"2":19,"3":23},"b":{"0":[0],"1":[1],"2":[0],"3":[1],"4":[0],"5":[0]}}
,"/Users/karinaalmeida/Desktop/projeto20-DrivenT/src/schemas/index.ts": {"path":"/Users/karinaalmeida/Desktop/projeto20-DrivenT/src/schemas/index.ts","statementMap":{"0":{"start":{"line":1,"column":0},"end":{"line":1,"column":32}},"1":{"start":{"line":2,"column":0},"end":{"line":2,"column":41}},"2":{"start":{"line":3,"column":0},"end":{"line":3,"column":38}}},"fnMap":{},"branchMap":{},"s":{"0":14,"1":14,"2":14},"f":{},"b":{}}
,"/Users/karinaalmeida/Desktop/projeto20-DrivenT/src/schemas/ticket-schema.ts": {"path":"/Users/karinaalmeida/Desktop/projeto20-DrivenT/src/schemas/ticket-schema.ts","statementMap":{"0":{"start":{"line":1,"column":0},"end":{"line":1,"column":22}},"1":{"start":{"line":4,"column":13},"end":{"line":6,"column":3}}},"fnMap":{},"branchMap":{},"s":{"0":11,"1":11},"f":{},"b":{}}
,"/Users/karinaalmeida/Desktop/projeto20-DrivenT/src/schemas/users-schemas.ts": {"path":"/Users/karinaalmeida/Desktop/projeto20-DrivenT/src/schemas/users-schemas.ts","statementMap":{"0":{"start":{"line":1,"column":0},"end":{"line":1,"column":22}},"1":{"start":{"line":4,"column":13},"end":{"line":7,"column":3}}},"fnMap":{},"branchMap":{},"s":{"0":14,"1":14},"f":{},"b":{}}
,"/Users/karinaalmeida/Desktop/projeto20-DrivenT/src/services/authentication-service/errors.ts": {"path":"/Users/karinaalmeida/Desktop/projeto20-DrivenT/src/services/authentication-service/errors.ts","statementMap":{"0":{"start":{"line":4,"column":2},"end":{"line":7,"column":4}},"1":{"start":{"line":3,"column":0},"end":{"line":3,"column":16}}},"fnMap":{"0":{"name":"invalidCredentialsError","decl":{"start":{"line":3,"column":16},"end":{"line":3,"column":39}},"loc":{"start":{"line":3,"column":39},"end":{"line":8,"column":1}}}},"branchMap":{},"s":{"0":6,"1":11},"f":{"0":6},"b":{}}
,"/Users/karinaalmeida/Desktop/projeto20-DrivenT/src/services/authentication-service/index.ts": {"path":"/Users/karinaalmeida/Desktop/projeto20-DrivenT/src/services/authentication-service/index.ts","statementMap":{"0":{"start":{"line":2,"column":0},"end":{"line":2,"column":28}},"1":{"start":{"line":3,"column":0},"end":{"line":3,"column":31}},"2":{"start":{"line":4,"column":0},"end":{"line":4,"column":51}},"3":{"start":{"line":5,"column":0},"end":{"line":5,"column":47}},"4":{"start":{"line":6,"column":0},"end":{"line":6,"column":60}},"5":{"start":{"line":7,"column":0},"end":{"line":7,"column":66}},"6":{"start":{"line":10,"column":30},"end":{"line":10,"column":36}},"7":{"start":{"line":12,"column":15},"end":{"line":12,"column":41}},"8":{"start":{"line":14,"column":2},"end":{"line":14,"column":56}},"9":{"start":{"line":16,"column":16},"end":{"line":16,"column":44}},"10":{"start":{"line":18,"column":2},"end":{"line":21,"column":4}},"11":{"start":{"line":25,"column":15},"end":{"line":25,"column":97}},"12":{"start":{"line":26,"column":2},"end":{"line":26,"column":45}},"13":{"start":{"line":26,"column":13},"end":{"line":26,"column":45}},"14":{"start":{"line":28,"column":2},"end":{"line":28,"column":14}},"15":{"start":{"line":32,"column":16},"end":{"line":32,"column":60}},"16":{"start":{"line":33,"column":2},"end":{"line":36,"column":5}},"17":{"start":{"line":38,"column":2},"end":{"line":38,"column":15}},"18":{"start":{"line":42,"column":26},"end":{"line":42,"column":70}},"19":{"start":{"line":43,"column":2},"end":{"line":43,"column":56}},"20":{"start":{"line":43,"column":24},"end":{"line":43,"column":56}},"21":{"start":{"line":55,"column":30},"end":{"line":57,"column":2}},"22":{"start":{"line":59,"column":0},"end":{"line":59,"column":37}},"23":{"start":{"line":60,"column":0},"end":{"line":60,"column":25}}},"fnMap":{"0":{"name":"signIn","decl":{"start":{"line":9,"column":15},"end":{"line":9,"column":21}},"loc":{"start":{"line":9,"column":42},"end":{"line":22,"column":1}}},"1":{"name":"getUserOrFail","decl":{"start":{"line":24,"column":15},"end":{"line":24,"column":28}},"loc":{"start":{"line":24,"column":42},"end":{"line":29,"column":1}}},"2":{"name":"createSession","decl":{"start":{"line":31,"column":15},"end":{"line":31,"column":28}},"loc":{"start":{"line":31,"column":43},"end":{"line":39,"column":1}}},"3":{"name":"validatePasswordOrFail","decl":{"start":{"line":41,"column":15},"end":{"line":41,"column":37}},"loc":{"start":{"line":41,"column":76},"end":{"line":44,"column":1}}}},"branchMap":{"0":{"loc":{"start":{"line":26,"column":2},"end":{"line":26,"column":45}},"type":"if","locations":[{"start":{"line":26,"column":2},"end":{"line":26,"column":45}}]},"1":{"loc":{"start":{"line":43,"column":2},"end":{"line":43,"column":56}},"type":"if","locations":[{"start":{"line":43,"column":2},"end":{"line":43,"column":56}}]}},"s":{"0":11,"1":11,"2":11,"3":11,"4":11,"5":11,"6":9,"7":9,"8":7,"9":5,"10":4,"11":9,"12":9,"13":2,"14":7,"15":5,"16":5,"17":4,"18":7,"19":7,"20":2,"21":11,"22":11,"23":11},"f":{"0":9,"1":9,"2":5,"3":7},"b":{"0":[2],"1":[2]}}
,"/Users/karinaalmeida/Desktop/projeto20-DrivenT/src/services/booking-service/index.ts": {"path":"/Users/karinaalmeida/Desktop/projeto20-DrivenT/src/services/booking-service/index.ts","statementMap":{"0":{"start":{"line":2,"column":0},"end":{"line":2,"column":46}},"1":{"start":{"line":3,"column":0},"end":{"line":3,"column":66}},"2":{"start":{"line":4,"column":0},"end":{"line":4,"column":41}},"3":{"start":{"line":5,"column":0},"end":{"line":5,"column":67}},"4":{"start":{"line":8,"column":16},"end":{"line":8,"column":56}},"5":{"start":{"line":9,"column":2},"end":{"line":9,"column":36}},"6":{"start":{"line":9,"column":14},"end":{"line":9,"column":36}},"7":{"start":{"line":11,"column":24},"end":{"line":11,"column":66}},"8":{"start":{"line":13,"column":2},"end":{"line":13,"column":62}},"9":{"start":{"line":13,"column":39},"end":{"line":13,"column":62}},"10":{"start":{"line":15,"column":2},"end":{"line":15,"column":15}},"11":{"start":{"line":19,"column":19},"end":{"line":19,"column":57}},"12":{"start":{"line":21,"column":2},"end":{"line":21,"column":39}},"13":{"start":{"line":21,"column":17},"end":{"line":21,"column":39}},"14":{"start":{"line":23,"column":2},"end":{"line":23,"column":18}},"15":{"start":{"line":27,"column":2},"end":{"line":27,"column":43}},"16":{"start":{"line":28,"column":2},"end":{"line":28,"column":30}},"17":{"start":{"line":30,"column":18},"end":{"line":30,"column":65}},"18":{"start":{"line":31,"column":2},"end":{"line":31,"column":17}},"19":{"start":{"line":35,"column":2},"end":{"line":35,"column":43}},"20":{"start":{"line":36,"column":21},"end":{"line":36,"column":59}},"21":{"start":{"line":37,"column":2},"end":{"line":37,"column":42}},"22":{"start":{"line":37,"column":19},"end":{"line":37,"column":42}},"23":{"start":{"line":39,"column":18},"end":{"line":39,"column":78}},"24":{"start":{"line":40,"column":2},"end":{"line":40,"column":17}},"25":{"start":{"line":43,"column":23},"end":{"line":47,"column":2}},"26":{"start":{"line":49,"column":0},"end":{"line":49,"column":30}}},"fnMap":{"0":{"name":"roomAvailable","decl":{"start":{"line":7,"column":15},"end":{"line":7,"column":28}},"loc":{"start":{"line":7,"column":43},"end":{"line":16,"column":1}}},"1":{"name":"getBooking","decl":{"start":{"line":18,"column":15},"end":{"line":18,"column":25}},"loc":{"start":{"line":18,"column":36},"end":{"line":24,"column":1}}},"2":{"name":"postBooking","decl":{"start":{"line":26,"column":15},"end":{"line":26,"column":26}},"loc":{"start":{"line":26,"column":53},"end":{"line":32,"column":1}}},"3":{"name":"updateBooking","decl":{"start":{"line":34,"column":15},"end":{"line":34,"column":28}},"loc":{"start":{"line":34,"column":74},"end":{"line":41,"column":1}}}},"branchMap":{"0":{"loc":{"start":{"line":9,"column":2},"end":{"line":9,"column":36}},"type":"if","locations":[{"start":{"line":9,"column":2},"end":{"line":9,"column":36}}]},"1":{"loc":{"start":{"line":13,"column":2},"end":{"line":13,"column":62}},"type":"if","locations":[{"start":{"line":13,"column":2},"end":{"line":13,"column":62}}]},"2":{"loc":{"start":{"line":21,"column":2},"end":{"line":21,"column":39}},"type":"if","locations":[{"start":{"line":21,"column":2},"end":{"line":21,"column":39}}]},"3":{"loc":{"start":{"line":37,"column":2},"end":{"line":37,"column":42}},"type":"if","locations":[{"start":{"line":37,"column":2},"end":{"line":37,"column":42}}]}},"s":{"0":11,"1":11,"2":11,"3":11,"4":0,"5":0,"6":0,"7":0,"8":0,"9":0,"10":0,"11":2,"12":2,"13":1,"14":1,"15":0,"16":0,"17":0,"18":0,"19":0,"20":0,"21":0,"22":0,"23":0,"24":0,"25":11,"26":11},"f":{"0":0,"1":2,"2":0,"3":0},"b":{"0":[0],"1":[0],"2":[1],"3":[0]}}
,"/Users/karinaalmeida/Desktop/projeto20-DrivenT/src/services/enrollments-service/index.ts": {"path":"/Users/karinaalmeida/Desktop/projeto20-DrivenT/src/services/enrollments-service/index.ts","statementMap":{"0":{"start":{"line":2,"column":0},"end":{"line":2,"column":42}},"1":{"start":{"line":3,"column":0},"end":{"line":3,"column":59}},"2":{"start":{"line":4,"column":0},"end":{"line":4,"column":91}},"3":{"start":{"line":5,"column":0},"end":{"line":5,"column":100}},"4":{"start":{"line":6,"column":0},"end":{"line":6,"column":47}},"5":{"start":{"line":10,"column":17},"end":{"line":10,"column":77}},"6":{"start":{"line":12,"column":2},"end":{"line":14,"column":null}},"7":{"start":{"line":13,"column":4},"end":{"line":13,"column":26}},"8":{"start":{"line":16,"column":62},"end":{"line":16,"column":73}},"9":{"start":{"line":18,"column":37},"end":{"line":24,"column":4}},"10":{"start":{"line":26,"column":2},"end":{"line":26,"column":17}},"11":{"start":{"line":30,"column":32},"end":{"line":30,"column":90}},"12":{"start":{"line":32,"column":2},"end":{"line":32,"column":52}},"13":{"start":{"line":32,"column":30},"end":{"line":32,"column":52}},"14":{"start":{"line":34,"column":25},"end":{"line":34,"column":54}},"15":{"start":{"line":35,"column":18},"end":{"line":35,"column":47}},"16":{"start":{"line":37,"column":2},"end":{"line":40,"column":4}},"17":{"start":{"line":46,"column":2},"end":{"line":46,"column":33}},"18":{"start":{"line":46,"column":21},"end":{"line":46,"column":33}},"19":{"start":{"line":48,"column":2},"end":{"line":48,"column":73}},"20":{"start":{"line":54,"column":21},"end":{"line":54,"column":47}},"21":{"start":{"line":55,"column":18},"end":{"line":55,"column":53}},"22":{"start":{"line":57,"column":2},"end":{"line":61,"column":null}},"23":{"start":{"line":58,"column":4},"end":{"line":58,"column":41}},"24":{"start":{"line":60,"column":4},"end":{"line":60,"column":44}},"25":{"start":{"line":63,"column":24},"end":{"line":63,"column":115}},"26":{"start":{"line":65,"column":2},"end":{"line":65,"column":69}},"27":{"start":{"line":69,"column":2},"end":{"line":72,"column":4}},"28":{"start":{"line":79,"column":27},"end":{"line":83,"column":2}},"29":{"start":{"line":85,"column":0},"end":{"line":85,"column":34}}},"fnMap":{"0":{"name":"getAddressFromCEP","decl":{"start":{"line":9,"column":15},"end":{"line":9,"column":32}},"loc":{"start":{"line":9,"column":44},"end":{"line":27,"column":1}}},"1":{"name":"getOneWithAddressByUserId","decl":{"start":{"line":29,"column":15},"end":{"line":29,"column":40}},"loc":{"start":{"line":29,"column":55},"end":{"line":41,"column":1}}},"2":{"name":"getFirstAddress","decl":{"start":{"line":45,"column":9},"end":{"line":45,"column":24}},"loc":{"start":{"line":45,"column":46},"end":{"line":49,"column":1}}},"3":{"name":"createOrUpdateEnrollmentWithAddress","decl":{"start":{"line":53,"column":15},"end":{"line":53,"column":50}},"loc":{"start":{"line":53,"column":94},"end":{"line":66,"column":1}}},"4":{"name":"getAddressForUpsert","decl":{"start":{"line":68,"column":9},"end":{"line":68,"column":28}},"loc":{"start":{"line":68,"column":57},"end":{"line":73,"column":1}}}},"branchMap":{"0":{"loc":{"start":{"line":12,"column":2},"end":{"line":14,"column":null}},"type":"if","locations":[{"start":{"line":12,"column":2},"end":{"line":14,"column":null}}]},"1":{"loc":{"start":{"line":12,"column":6},"end":{"line":12,"column":38}},"type":"binary-expr","locations":[{"start":{"line":12,"column":6},"end":{"line":12,"column":18}},{"start":{"line":12,"column":22},"end":{"line":12,"column":38}}]},"2":{"loc":{"start":{"line":32,"column":2},"end":{"line":32,"column":52}},"type":"if","locations":[{"start":{"line":32,"column":2},"end":{"line":32,"column":52}}]},"3":{"loc":{"start":{"line":39,"column":8},"end":{"line":39,"column":32}},"type":"binary-expr","locations":[{"start":{"line":39,"column":8},"end":{"line":39,"column":17}},{"start":{"line":39,"column":21},"end":{"line":39,"column":32}}]},"4":{"loc":{"start":{"line":46,"column":2},"end":{"line":46,"column":33}},"type":"if","locations":[{"start":{"line":46,"column":2},"end":{"line":46,"column":33}}]},"5":{"loc":{"start":{"line":71,"column":8},"end":{"line":71,"column":74}},"type":"binary-expr","locations":[{"start":{"line":71,"column":8},"end":{"line":71,"column":30}},{"start":{"line":71,"column":34},"end":{"line":71,"column":74}}]}},"s":{"0":11,"1":11,"2":11,"3":11,"4":11,"5":4,"6":4,"7":1,"8":3,"9":3,"10":3,"11":2,"12":2,"13":2,"14":0,"15":0,"16":0,"17":0,"18":0,"19":0,"20":2,"21":2,"22":2,"23":2,"24":0,"25":2,"26":0,"27":2,"28":11,"29":11},"f":{"0":4,"1":2,"2":0,"3":2,"4":2},"b":{"0":[1],"1":[4,3],"2":[2],"3":[0,0],"4":[0],"5":[2,2]}}
,"/Users/karinaalmeida/Desktop/projeto20-DrivenT/src/services/events-service/index.ts": {"path":"/Users/karinaalmeida/Desktop/projeto20-DrivenT/src/services/events-service/index.ts","statementMap":{"0":{"start":{"line":2,"column":0},"end":{"line":2,"column":26}},"1":{"start":{"line":3,"column":0},"end":{"line":3,"column":41}},"2":{"start":{"line":4,"column":0},"end":{"line":4,"column":62}},"3":{"start":{"line":5,"column":0},"end":{"line":5,"column":47}},"4":{"start":{"line":8,"column":16},"end":{"line":8,"column":49}},"5":{"start":{"line":9,"column":2},"end":{"line":9,"column":36}},"6":{"start":{"line":9,"column":14},"end":{"line":9,"column":36}},"7":{"start":{"line":11,"column":2},"end":{"line":11,"column":50}},"8":{"start":{"line":17,"column":16},"end":{"line":17,"column":49}},"9":{"start":{"line":18,"column":2},"end":{"line":18,"column":27}},"10":{"start":{"line":18,"column":14},"end":{"line":18,"column":27}},"11":{"start":{"line":20,"column":14},"end":{"line":20,"column":21}},"12":{"start":{"line":21,"column":24},"end":{"line":21,"column":45}},"13":{"start":{"line":22,"column":22},"end":{"line":22,"column":41}},"14":{"start":{"line":24,"column":2},"end":{"line":24,"column":65}},"15":{"start":{"line":27,"column":22},"end":{"line":30,"column":2}},"16":{"start":{"line":32,"column":0},"end":{"line":32,"column":29}}},"fnMap":{"0":{"name":"getFirstEvent","decl":{"start":{"line":7,"column":15},"end":{"line":7,"column":28}},"loc":{"start":{"line":7,"column":28},"end":{"line":12,"column":1}}},"1":{"name":"isCurrentEventActive","decl":{"start":{"line":16,"column":15},"end":{"line":16,"column":35}},"loc":{"start":{"line":16,"column":35},"end":{"line":25,"column":1}}}},"branchMap":{"0":{"loc":{"start":{"line":9,"column":2},"end":{"line":9,"column":36}},"type":"if","locations":[{"start":{"line":9,"column":2},"end":{"line":9,"column":36}}]},"1":{"loc":{"start":{"line":18,"column":2},"end":{"line":18,"column":27}},"type":"if","locations":[{"start":{"line":18,"column":2},"end":{"line":18,"column":27}}]},"2":{"loc":{"start":{"line":24,"column":9},"end":{"line":24,"column":64}},"type":"binary-expr","locations":[{"start":{"line":24,"column":9},"end":{"line":24,"column":35}},{"start":{"line":24,"column":39},"end":{"line":24,"column":64}}]}},"s":{"0":11,"1":11,"2":11,"3":11,"4":2,"5":2,"6":1,"7":1,"8":9,"9":9,"10":5,"11":4,"12":4,"13":4,"14":4,"15":11,"16":11},"f":{"0":2,"1":9},"b":{"0":[1],"1":[5],"2":[4,3]}}
,"/Users/karinaalmeida/Desktop/projeto20-DrivenT/src/services/hotels-service/index.ts": {"path":"/Users/karinaalmeida/Desktop/projeto20-DrivenT/src/services/hotels-service/index.ts","statementMap":{"0":{"start":{"line":2,"column":0},"end":{"line":2,"column":64}},"1":{"start":{"line":3,"column":0},"end":{"line":3,"column":72}},"2":{"start":{"line":4,"column":0},"end":{"line":4,"column":41}},"3":{"start":{"line":5,"column":0},"end":{"line":5,"column":64}},"4":{"start":{"line":6,"column":0},"end":{"line":6,"column":67}},"5":{"start":{"line":9,"column":21},"end":{"line":9,"column":75}},"6":{"start":{"line":10,"column":2},"end":{"line":10,"column":41}},"7":{"start":{"line":10,"column":19},"end":{"line":10,"column":41}},"8":{"start":{"line":12,"column":17},"end":{"line":12,"column":65}},"9":{"start":{"line":13,"column":2},"end":{"line":13,"column":37}},"10":{"start":{"line":13,"column":15},"end":{"line":13,"column":37}},"11":{"start":{"line":15,"column":2},"end":{"line":16,"column":27}},"12":{"start":{"line":16,"column":4},"end":{"line":16,"column":27}},"13":{"start":{"line":18,"column":2},"end":{"line":18,"column":30}},"14":{"start":{"line":22,"column":2},"end":{"line":22,"column":29}},"15":{"start":{"line":24,"column":16},"end":{"line":24,"column":50}},"16":{"start":{"line":25,"column":2},"end":{"line":25,"column":58}},"17":{"start":{"line":25,"column":36},"end":{"line":25,"column":58}},"18":{"start":{"line":27,"column":2},"end":{"line":27,"column":15}},"19":{"start":{"line":31,"column":2},"end":{"line":31,"column":29}},"20":{"start":{"line":33,"column":16},"end":{"line":33,"column":61}},"21":{"start":{"line":34,"column":2},"end":{"line":34,"column":36}},"22":{"start":{"line":34,"column":14},"end":{"line":34,"column":36}},"23":{"start":{"line":36,"column":2},"end":{"line":36,"column":15}},"24":{"start":{"line":39,"column":22},"end":{"line":43,"column":2}},"25":{"start":{"line":45,"column":0},"end":{"line":45,"column":29}}},"fnMap":{"0":{"name":"ticketAndPayment","decl":{"start":{"line":8,"column":15},"end":{"line":8,"column":31}},"loc":{"start":{"line":8,"column":42},"end":{"line":19,"column":1}}},"1":{"name":"getHotels","decl":{"start":{"line":21,"column":15},"end":{"line":21,"column":24}},"loc":{"start":{"line":21,"column":35},"end":{"line":28,"column":1}}},"2":{"name":"getHotelRooms","decl":{"start":{"line":30,"column":15},"end":{"line":30,"column":28}},"loc":{"start":{"line":30,"column":56},"end":{"line":37,"column":1}}}},"branchMap":{"0":{"loc":{"start":{"line":10,"column":2},"end":{"line":10,"column":41}},"type":"if","locations":[{"start":{"line":10,"column":2},"end":{"line":10,"column":41}}]},"1":{"loc":{"start":{"line":13,"column":2},"end":{"line":13,"column":37}},"type":"if","locations":[{"start":{"line":13,"column":2},"end":{"line":13,"column":37}}]},"2":{"loc":{"start":{"line":15,"column":2},"end":{"line":16,"column":27}},"type":"if","locations":[{"start":{"line":15,"column":2},"end":{"line":16,"column":27}}]},"3":{"loc":{"start":{"line":15,"column":6},"end":{"line":15,"column":118}},"type":"binary-expr","locations":[{"start":{"line":15,"column":6},"end":{"line":15,"column":47}},{"start":{"line":15,"column":51},"end":{"line":15,"column":86}},{"start":{"line":15,"column":90},"end":{"line":15,"column":118}}]},"4":{"loc":{"start":{"line":25,"column":2},"end":{"line":25,"column":58}},"type":"if","locations":[{"start":{"line":25,"column":2},"end":{"line":25,"column":58}}]},"5":{"loc":{"start":{"line":25,"column":6},"end":{"line":25,"column":34}},"type":"binary-expr","locations":[{"start":{"line":25,"column":6},"end":{"line":25,"column":12}},{"start":{"line":25,"column":16},"end":{"line":25,"column":34}}]},"6":{"loc":{"start":{"line":34,"column":2},"end":{"line":34,"column":36}},"type":"if","locations":[{"start":{"line":34,"column":2},"end":{"line":34,"column":36}}]}},"s":{"0":11,"1":11,"2":11,"3":11,"4":11,"5":7,"6":7,"7":4,"8":3,"9":3,"10":1,"11":2,"12":2,"13":0,"14":4,"15":0,"16":0,"17":0,"18":0,"19":3,"20":0,"21":0,"22":0,"23":0,"24":11,"25":11},"f":{"0":7,"1":4,"2":3},"b":{"0":[4],"1":[1],"2":[2],"3":[2,0,0],"4":[0],"5":[0,0],"6":[0]}}
,"/Users/karinaalmeida/Desktop/projeto20-DrivenT/src/services/payment-service/index.ts": {"path":"/Users/karinaalmeida/Desktop/projeto20-DrivenT/src/services/payment-service/index.ts","statementMap":{"0":{"start":{"line":2,"column":0},"end":{"line":2,"column":66}},"1":{"start":{"line":3,"column":0},"end":{"line":3,"column":57}},"2":{"start":{"line":4,"column":0},"end":{"line":4,"column":59}},"3":{"start":{"line":6,"column":0},"end":{"line":6,"column":64}},"4":{"start":{"line":9,"column":17},"end":{"line":9,"column":65}},"5":{"start":{"line":11,"column":2},"end":{"line":11,"column":38}},"6":{"start":{"line":11,"column":15},"end":{"line":11,"column":38}},"7":{"start":{"line":13,"column":2},"end":{"line":13,"column":63}},"8":{"start":{"line":13,"column":39},"end":{"line":13,"column":63}},"9":{"start":{"line":15,"column":2},"end":{"line":15,"column":54}},"10":{"start":{"line":19,"column":17},"end":{"line":19,"column":23}},"11":{"start":{"line":20,"column":17},"end":{"line":20,"column":70}},"12":{"start":{"line":22,"column":2},"end":{"line":22,"column":38}},"13":{"start":{"line":22,"column":15},"end":{"line":22,"column":38}},"14":{"start":{"line":24,"column":2},"end":{"line":24,"column":63}},"15":{"start":{"line":24,"column":39},"end":{"line":24,"column":63}},"16":{"start":{"line":26,"column":18},"end":{"line":26,"column":84}},"17":{"start":{"line":28,"column":2},"end":{"line":28,"column":97}},"18":{"start":{"line":29,"column":2},"end":{"line":29,"column":17}},"19":{"start":{"line":32,"column":23},"end":{"line":35,"column":2}},"20":{"start":{"line":37,"column":0},"end":{"line":37,"column":30}}},"fnMap":{"0":{"name":"getPayment","decl":{"start":{"line":8,"column":15},"end":{"line":8,"column":25}},"loc":{"start":{"line":8,"column":54},"end":{"line":16,"column":1}}},"1":{"name":"postPayment","decl":{"start":{"line":18,"column":15},"end":{"line":18,"column":26}},"loc":{"start":{"line":18,"column":55},"end":{"line":30,"column":1}}}},"branchMap":{"0":{"loc":{"start":{"line":11,"column":2},"end":{"line":11,"column":38}},"type":"if","locations":[{"start":{"line":11,"column":2},"end":{"line":11,"column":38}}]},"1":{"loc":{"start":{"line":13,"column":2},"end":{"line":13,"column":63}},"type":"if","locations":[{"start":{"line":13,"column":2},"end":{"line":13,"column":63}}]},"2":{"loc":{"start":{"line":22,"column":2},"end":{"line":22,"column":38}},"type":"if","locations":[{"start":{"line":22,"column":2},"end":{"line":22,"column":38}}]},"3":{"loc":{"start":{"line":24,"column":2},"end":{"line":24,"column":63}},"type":"if","locations":[{"start":{"line":24,"column":2},"end":{"line":24,"column":63}}]}},"s":{"0":11,"1":11,"2":11,"3":11,"4":2,"5":2,"6":1,"7":1,"8":0,"9":1,"10":2,"11":2,"12":2,"13":1,"14":1,"15":0,"16":1,"17":1,"18":1,"19":11,"20":11},"f":{"0":2,"1":2},"b":{"0":[1],"1":[0],"2":[1],"3":[0]}}
,"/Users/karinaalmeida/Desktop/projeto20-DrivenT/src/services/ticket-service/index.ts": {"path":"/Users/karinaalmeida/Desktop/projeto20-DrivenT/src/services/ticket-service/index.ts","statementMap":{"0":{"start":{"line":2,"column":0},"end":{"line":2,"column":64}},"1":{"start":{"line":3,"column":0},"end":{"line":3,"column":72}},"2":{"start":{"line":6,"column":17},"end":{"line":6,"column":49}},"3":{"start":{"line":7,"column":2},"end":{"line":7,"column":16}},"4":{"start":{"line":11,"column":23},"end":{"line":11,"column":77}},"5":{"start":{"line":12,"column":2},"end":{"line":12,"column":39}},"6":{"start":{"line":12,"column":21},"end":{"line":12,"column":39}},"7":{"start":{"line":13,"column":18},"end":{"line":13,"column":68}},"8":{"start":{"line":14,"column":2},"end":{"line":14,"column":34}},"9":{"start":{"line":14,"column":16},"end":{"line":14,"column":34}},"10":{"start":{"line":15,"column":2},"end":{"line":15,"column":17}},"11":{"start":{"line":19,"column":17},"end":{"line":19,"column":27}},"12":{"start":{"line":21,"column":23},"end":{"line":21,"column":77}},"13":{"start":{"line":22,"column":2},"end":{"line":22,"column":39}},"14":{"start":{"line":22,"column":21},"end":{"line":22,"column":39}},"15":{"start":{"line":23,"column":18},"end":{"line":23,"column":90}},"16":{"start":{"line":24,"column":2},"end":{"line":24,"column":34}},"17":{"start":{"line":24,"column":16},"end":{"line":24,"column":34}},"18":{"start":{"line":25,"column":2},"end":{"line":25,"column":17}},"19":{"start":{"line":28,"column":23},"end":{"line":32,"column":2}},"20":{"start":{"line":34,"column":0},"end":{"line":34,"column":30}}},"fnMap":{"0":{"name":"getType","decl":{"start":{"line":5,"column":15},"end":{"line":5,"column":22}},"loc":{"start":{"line":5,"column":22},"end":{"line":8,"column":1}}},"1":{"name":"getTickets","decl":{"start":{"line":10,"column":15},"end":{"line":10,"column":25}},"loc":{"start":{"line":10,"column":36},"end":{"line":16,"column":1}}},"2":{"name":"postTicket","decl":{"start":{"line":18,"column":15},"end":{"line":18,"column":25}},"loc":{"start":{"line":18,"column":58},"end":{"line":26,"column":1}}}},"branchMap":{"0":{"loc":{"start":{"line":12,"column":2},"end":{"line":12,"column":39}},"type":"if","locations":[{"start":{"line":12,"column":2},"end":{"line":12,"column":39}}]},"1":{"loc":{"start":{"line":14,"column":2},"end":{"line":14,"column":34}},"type":"if","locations":[{"start":{"line":14,"column":2},"end":{"line":14,"column":34}}]},"2":{"loc":{"start":{"line":22,"column":2},"end":{"line":22,"column":39}},"type":"if","locations":[{"start":{"line":22,"column":2},"end":{"line":22,"column":39}}]},"3":{"loc":{"start":{"line":24,"column":2},"end":{"line":24,"column":34}},"type":"if","locations":[{"start":{"line":24,"column":2},"end":{"line":24,"column":34}}]}},"s":{"0":11,"1":11,"2":2,"3":2,"4":3,"5":3,"6":1,"7":2,"8":2,"9":1,"10":1,"11":3,"12":3,"13":3,"14":1,"15":2,"16":2,"17":0,"18":2,"19":11,"20":11},"f":{"0":2,"1":3,"2":3},"b":{"0":[1],"1":[1],"2":[1],"3":[0]}}
,"/Users/karinaalmeida/Desktop/projeto20-DrivenT/src/services/users-service/errors.ts": {"path":"/Users/karinaalmeida/Desktop/projeto20-DrivenT/src/services/users-service/errors.ts","statementMap":{"0":{"start":{"line":4,"column":2},"end":{"line":7,"column":4}},"1":{"start":{"line":3,"column":0},"end":{"line":3,"column":16}}},"fnMap":{"0":{"name":"duplicatedEmailError","decl":{"start":{"line":3,"column":16},"end":{"line":3,"column":36}},"loc":{"start":{"line":3,"column":36},"end":{"line":8,"column":1}}}},"branchMap":{},"s":{"0":2,"1":11},"f":{"0":2},"b":{}}
,"/Users/karinaalmeida/Desktop/projeto20-DrivenT/src/services/users-service/index.ts": {"path":"/Users/karinaalmeida/Desktop/projeto20-DrivenT/src/services/users-service/index.ts","statementMap":{"0":{"start":{"line":2,"column":0},"end":{"line":2,"column":28}},"1":{"start":{"line":3,"column":0},"end":{"line":3,"column":46}},"2":{"start":{"line":4,"column":0},"end":{"line":4,"column":48}},"3":{"start":{"line":5,"column":0},"end":{"line":5,"column":60}},"4":{"start":{"line":6,"column":0},"end":{"line":6,"column":60}},"5":{"start":{"line":9,"column":2},"end":{"line":9,"column":26}},"6":{"start":{"line":11,"column":2},"end":{"line":11,"column":41}},"7":{"start":{"line":13,"column":25},"end":{"line":13,"column":56}},"8":{"start":{"line":14,"column":2},"end":{"line":17,"column":5}},"9":{"start":{"line":8,"column":0},"end":{"line":8,"column":7}},"10":{"start":{"line":21,"column":28},"end":{"line":21,"column":67}},"11":{"start":{"line":22,"column":2},"end":{"line":24,"column":null}},"12":{"start":{"line":23,"column":4},"end":{"line":23,"column":33}},"13":{"start":{"line":28,"column":20},"end":{"line":28,"column":62}},"14":{"start":{"line":29,"column":2},"end":{"line":31,"column":null}},"15":{"start":{"line":30,"column":4},"end":{"line":30,"column":45}},"16":{"start":{"line":36,"column":20},"end":{"line":38,"column":2}},"17":{"start":{"line":40,"column":0},"end":{"line":40,"column":25}},"18":{"start":{"line":41,"column":0},"end":{"line":41,"column":27}}},"fnMap":{"0":{"name":"createUser","decl":{"start":{"line":8,"column":22},"end":{"line":8,"column":32}},"loc":{"start":{"line":8,"column":70},"end":{"line":18,"column":1}}},"1":{"name":"validateUniqueEmailOrFail","decl":{"start":{"line":20,"column":15},"end":{"line":20,"column":40}},"loc":{"start":{"line":20,"column":54},"end":{"line":25,"column":1}}},"2":{"name":"canEnrollOrFail","decl":{"start":{"line":27,"column":15},"end":{"line":27,"column":30}},"loc":{"start":{"line":27,"column":30},"end":{"line":32,"column":1}}}},"branchMap":{"0":{"loc":{"start":{"line":22,"column":2},"end":{"line":24,"column":null}},"type":"if","locations":[{"start":{"line":22,"column":2},"end":{"line":24,"column":null}}]},"1":{"loc":{"start":{"line":29,"column":2},"end":{"line":31,"column":null}},"type":"if","locations":[{"start":{"line":29,"column":2},"end":{"line":31,"column":null}}]}},"s":{"0":11,"1":11,"2":11,"3":11,"4":11,"5":9,"6":3,"7":2,"8":2,"9":11,"10":3,"11":3,"12":1,"13":9,"14":9,"15":6,"16":11,"17":11,"18":11},"f":{"0":9,"1":3,"2":9},"b":{"0":[1],"1":[6]}}
,"/Users/karinaalmeida/Desktop/projeto20-DrivenT/src/utils/prisma-utils.ts": {"path":"/Users/karinaalmeida/Desktop/projeto20-DrivenT/src/utils/prisma-utils.ts","statementMap":{"0":{"start":{"line":2,"column":20},"end":{"line":2,"column":54}},"1":{"start":{"line":3,"column":2},"end":{"line":5,"column":null}},"2":{"start":{"line":4,"column":4},"end":{"line":4,"column":26}},"3":{"start":{"line":6,"column":2},"end":{"line":6,"column":19}},"4":{"start":{"line":1,"column":0},"end":{"line":1,"column":16}}},"fnMap":{"0":{"name":"exclude","decl":{"start":{"line":1,"column":16},"end":{"line":1,"column":23}},"loc":{"start":{"line":1,"column":73},"end":{"line":7,"column":1}}}},"branchMap":{},"s":{"0":9,"1":9,"2":10,"3":9,"4":11},"f":{"0":9},"b":{}}
,"/Users/karinaalmeida/Desktop/projeto20-DrivenT/src/utils/request.ts": {"path":"/Users/karinaalmeida/Desktop/projeto20-DrivenT/src/utils/request.ts","statementMap":{"0":{"start":{"line":1,"column":0},"end":{"line":1,"column":26}},"1":{"start":{"line":2,"column":0},"end":{"line":2,"column":40}},"2":{"start":{"line":5,"column":2},"end":{"line":12,"column":null}},"3":{"start":{"line":6,"column":19},"end":{"line":6,"column":39}},"4":{"start":{"line":7,"column":4},"end":{"line":7,"column":18}},"5":{"start":{"line":9,"column":35},"end":{"line":9,"column":49}},"6":{"start":{"line":11,"column":4},"end":{"line":11,"column":44}},"7":{"start":{"line":15,"column":13},"end":{"line":17,"column":2}}},"fnMap":{"0":{"name":"get","decl":{"start":{"line":4,"column":15},"end":{"line":4,"column":18}},"loc":{"start":{"line":4,"column":30},"end":{"line":13,"column":1}}}},"branchMap":{},"s":{"0":11,"1":11,"2":4,"3":4,"4":3,"5":1,"6":1,"7":11},"f":{"0":4},"b":{}}
,"/Users/karinaalmeida/Desktop/projeto20-DrivenT/tests/helpers.ts": {"path":"/Users/karinaalmeida/Desktop/projeto20-DrivenT/tests/helpers.ts","statementMap":{"0":{"start":{"line":1,"column":0},"end":{"line":1,"column":36}},"1":{"start":{"line":4,"column":0},"end":{"line":4,"column":41}},"2":{"start":{"line":5,"column":0},"end":{"line":5,"column":61}},"3":{"start":{"line":6,"column":0},"end":{"line":6,"column":34}},"4":{"start":{"line":9,"column":2},"end":{"line":9,"column":38}},"5":{"start":{"line":10,"column":2},"end":{"line":10,"column":38}},"6":{"start":{"line":11,"column":2},"end":{"line":11,"column":37}},"7":{"start":{"line":12,"column":2},"end":{"line":12,"column":41}},"8":{"start":{"line":13,"column":2},"end":{"line":13,"column":36}},"9":{"start":{"line":14,"column":2},"end":{"line":14,"column":38}},"10":{"start":{"line":15,"column":2},"end":{"line":15,"column":38}},"11":{"start":{"line":16,"column":2},"end":{"line":16,"column":35}},"12":{"start":{"line":17,"column":2},"end":{"line":17,"column":41}},"13":{"start":{"line":18,"column":2},"end":{"line":18,"column":35}},"14":{"start":{"line":19,"column":2},"end":{"line":19,"column":36}},"15":{"start":{"line":8,"column":0},"end":{"line":8,"column":7}},"16":{"start":{"line":23,"column":23},"end":{"line":23,"column":51}},"17":{"start":{"line":24,"column":16},"end":{"line":24,"column":77}},"18":{"start":{"line":26,"column":2},"end":{"line":26,"column":29}},"19":{"start":{"line":28,"column":2},"end":{"line":28,"column":15}},"20":{"start":{"line":22,"column":0},"end":{"line":22,"column":7}}},"fnMap":{"0":{"name":"cleanDb","decl":{"start":{"line":8,"column":22},"end":{"line":8,"column":29}},"loc":{"start":{"line":8,"column":29},"end":{"line":20,"column":1}}},"1":{"name":"generateValidToken","decl":{"start":{"line":22,"column":22},"end":{"line":22,"column":40}},"loc":{"start":{"line":22,"column":52},"end":{"line":29,"column":1}}}},"branchMap":{"0":{"loc":{"start":{"line":23,"column":23},"end":{"line":23,"column":51}},"type":"binary-expr","locations":[{"start":{"line":23,"column":23},"end":{"line":23,"column":27}},{"start":{"line":23,"column":32},"end":{"line":23,"column":50}}]}},"s":{"0":10,"1":10,"2":10,"3":10,"4":72,"5":72,"6":72,"7":72,"8":70,"9":70,"10":70,"11":70,"12":64,"13":64,"14":64,"15":10,"16":42,"17":42,"18":42,"19":42,"20":10},"f":{"0":72,"1":42},"b":{"0":[42,13]}}
,"/Users/karinaalmeida/Desktop/projeto20-DrivenT/tests/factories/booking-factory.ts": {"path":"/Users/karinaalmeida/Desktop/projeto20-DrivenT/tests/factories/booking-factory.ts","statementMap":{"0":{"start":{"line":1,"column":0},"end":{"line":1,"column":36}},"1":{"start":{"line":2,"column":0},"end":{"line":2,"column":34}},"2":{"start":{"line":6,"column":4},"end":{"line":11,"column":null}},"3":{"start":{"line":5,"column":0},"end":{"line":5,"column":7}},"4":{"start":{"line":18,"column":4},"end":{"line":23,"column":7}},"5":{"start":{"line":17,"column":0},"end":{"line":17,"column":7}},"6":{"start":{"line":27,"column":4},"end":{"line":33,"column":7}},"7":{"start":{"line":26,"column":2},"end":{"line":26,"column":9}}},"fnMap":{"0":{"name":"createBooking","decl":{"start":{"line":5,"column":22},"end":{"line":5,"column":35}},"loc":{"start":{"line":5,"column":64},"end":{"line":12,"column":1}}},"1":{"name":"createHotel","decl":{"start":{"line":17,"column":22},"end":{"line":17,"column":33}},"loc":{"start":{"line":17,"column":33},"end":{"line":24,"column":3}}},"2":{"name":"createRooms","decl":{"start":{"line":26,"column":24},"end":{"line":26,"column":35}},"loc":{"start":{"line":26,"column":51},"end":{"line":34,"column":3}}}},"branchMap":{},"s":{"0":1,"1":1,"2":1,"3":1,"4":1,"5":1,"6":1,"7":1},"f":{"0":1,"1":1,"2":1},"b":{}}
,"/Users/karinaalmeida/Desktop/projeto20-DrivenT/tests/factories/enrollments-factory.ts": {"path":"/Users/karinaalmeida/Desktop/projeto20-DrivenT/tests/factories/enrollments-factory.ts","statementMap":{"0":{"start":{"line":1,"column":0},"end":{"line":1,"column":36}},"1":{"start":{"line":2,"column":0},"end":{"line":2,"column":74}},"2":{"start":{"line":5,"column":0},"end":{"line":5,"column":45}},"3":{"start":{"line":6,"column":0},"end":{"line":6,"column":34}},"4":{"start":{"line":9,"column":23},"end":{"line":9,"column":51}},"5":{"start":{"line":11,"column":2},"end":{"line":32,"column":5}},"6":{"start":{"line":8,"column":0},"end":{"line":8,"column":7}},"7":{"start":{"line":36,"column":2},"end":{"line":42,"column":4}},"8":{"start":{"line":35,"column":0},"end":{"line":35,"column":16}}},"fnMap":{"0":{"name":"createEnrollmentWithAddress","decl":{"start":{"line":8,"column":22},"end":{"line":8,"column":49}},"loc":{"start":{"line":8,"column":61},"end":{"line":33,"column":1}}},"1":{"name":"createhAddressWithCEP","decl":{"start":{"line":35,"column":16},"end":{"line":35,"column":37}},"loc":{"start":{"line":35,"column":37},"end":{"line":43,"column":1}}}},"branchMap":{"0":{"loc":{"start":{"line":9,"column":23},"end":{"line":9,"column":51}},"type":"binary-expr","locations":[{"start":{"line":9,"column":23},"end":{"line":9,"column":27}},{"start":{"line":9,"column":32},"end":{"line":9,"column":50}}]}},"s":{"0":10,"1":10,"2":10,"3":10,"4":29,"5":29,"6":10,"7":1,"8":10},"f":{"0":29,"1":1},"b":{"0":[29,0]}}
,"/Users/karinaalmeida/Desktop/projeto20-DrivenT/tests/factories/events-factory.ts": {"path":"/Users/karinaalmeida/Desktop/projeto20-DrivenT/tests/factories/events-factory.ts","statementMap":{"0":{"start":{"line":1,"column":0},"end":{"line":1,"column":26}},"1":{"start":{"line":2,"column":0},"end":{"line":2,"column":36}},"2":{"start":{"line":4,"column":0},"end":{"line":4,"column":34}},"3":{"start":{"line":7,"column":2},"end":{"line":15,"column":5}},"4":{"start":{"line":6,"column":0},"end":{"line":6,"column":16}}},"fnMap":{"0":{"name":"createEvent","decl":{"start":{"line":6,"column":16},"end":{"line":6,"column":27}},"loc":{"start":{"line":6,"column":55},"end":{"line":16,"column":1}}}},"branchMap":{"0":{"loc":{"start":{"line":6,"column":28},"end":{"line":6,"column":55}},"type":"default-arg","locations":[{"start":{"line":6,"column":53},"end":{"line":6,"column":55}}]},"1":{"loc":{"start":{"line":9,"column":13},"end":{"line":9,"column":51}},"type":"binary-expr","locations":[{"start":{"line":9,"column":13},"end":{"line":9,"column":25}},{"start":{"line":9,"column":29},"end":{"line":9,"column":51}}]},"2":{"loc":{"start":{"line":10,"column":26},"end":{"line":10,"column":77}},"type":"binary-expr","locations":[{"start":{"line":10,"column":26},"end":{"line":10,"column":51}},{"start":{"line":10,"column":55},"end":{"line":10,"column":77}}]},"3":{"loc":{"start":{"line":11,"column":20},"end":{"line":11,"column":65}},"type":"binary-expr","locations":[{"start":{"line":11,"column":20},"end":{"line":11,"column":39}},{"start":{"line":11,"column":43},"end":{"line":11,"column":65}}]},"4":{"loc":{"start":{"line":12,"column":16},"end":{"line":12,"column":70}},"type":"binary-expr","locations":[{"start":{"line":12,"column":16},"end":{"line":12,"column":31}},{"start":{"line":12,"column":35},"end":{"line":12,"column":70}}]},"5":{"loc":{"start":{"line":13,"column":14},"end":{"line":13,"column":62}},"type":"binary-expr","locations":[{"start":{"line":13,"column":14},"end":{"line":13,"column":27}},{"start":{"line":13,"column":31},"end":{"line":13,"column":62}}]}},"s":{"0":10,"1":10,"2":10,"3":4,"4":10},"f":{"0":4},"b":{"0":[3],"1":[4,4],"2":[4,4],"3":[4,4],"4":[4,3],"5":[4,4]}}
,"/Users/karinaalmeida/Desktop/projeto20-DrivenT/tests/factories/index.ts": {"path":"/Users/karinaalmeida/Desktop/projeto20-DrivenT/tests/factories/index.ts","statementMap":{"0":{"start":{"line":1,"column":0},"end":{"line":1,"column":32}},"1":{"start":{"line":2,"column":0},"end":{"line":2,"column":33}},"2":{"start":{"line":3,"column":0},"end":{"line":3,"column":35}},"3":{"start":{"line":4,"column":0},"end":{"line":4,"column":38}},"4":{"start":{"line":5,"column":0},"end":{"line":5,"column":34}},"5":{"start":{"line":6,"column":0},"end":{"line":6,"column":35}}},"fnMap":{},"branchMap":{},"s":{"0":10,"1":10,"2":10,"3":10,"4":10,"5":10},"f":{},"b":{}}
,"/Users/karinaalmeida/Desktop/projeto20-DrivenT/tests/factories/payments-factory.ts": {"path":"/Users/karinaalmeida/Desktop/projeto20-DrivenT/tests/factories/payments-factory.ts","statementMap":{"0":{"start":{"line":1,"column":0},"end":{"line":1,"column":36}},"1":{"start":{"line":2,"column":0},"end":{"line":2,"column":34}},"2":{"start":{"line":5,"column":2},"end":{"line":12,"column":5}},"3":{"start":{"line":4,"column":0},"end":{"line":4,"column":7}},"4":{"start":{"line":16,"column":21},"end":{"line":16,"column":40}},"5":{"start":{"line":18,"column":2},"end":{"line":24,"column":4}},"6":{"start":{"line":15,"column":0},"end":{"line":15,"column":16}}},"fnMap":{"0":{"name":"createPayment","decl":{"start":{"line":4,"column":22},"end":{"line":4,"column":35}},"loc":{"start":{"line":4,"column":67},"end":{"line":13,"column":1}}},"1":{"name":"generateCreditCardData","decl":{"start":{"line":15,"column":16},"end":{"line":15,"column":38}},"loc":{"start":{"line":15,"column":38},"end":{"line":25,"column":1}}}},"branchMap":{},"s":{"0":10,"1":10,"2":4,"3":10,"4":4,"5":4,"6":10},"f":{"0":4,"1":4},"b":{}}
,"/Users/karinaalmeida/Desktop/projeto20-DrivenT/tests/factories/sessions-factory.ts": {"path":"/Users/karinaalmeida/Desktop/projeto20-DrivenT/tests/factories/sessions-factory.ts","statementMap":{"0":{"start":{"line":2,"column":0},"end":{"line":2,"column":45}},"1":{"start":{"line":3,"column":0},"end":{"line":3,"column":34}},"2":{"start":{"line":6,"column":15},"end":{"line":6,"column":33}},"3":{"start":{"line":8,"column":2},"end":{"line":13,"column":5}},"4":{"start":{"line":5,"column":0},"end":{"line":5,"column":7}}},"fnMap":{"0":{"name":"createSession","decl":{"start":{"line":5,"column":22},"end":{"line":5,"column":35}},"loc":{"start":{"line":5,"column":49},"end":{"line":14,"column":1}}}},"branchMap":{},"s":{"0":10,"1":10,"2":42,"3":42,"4":10},"f":{"0":42},"b":{}}
,"/Users/karinaalmeida/Desktop/projeto20-DrivenT/tests/factories/tickets-factory.ts": {"path":"/Users/karinaalmeida/Desktop/projeto20-DrivenT/tests/factories/tickets-factory.ts","statementMap":{"0":{"start":{"line":1,"column":0},"end":{"line":1,"column":36}},"1":{"start":{"line":3,"column":0},"end":{"line":3,"column":34}},"2":{"start":{"line":6,"column":2},"end":{"line":13,"column":5}},"3":{"start":{"line":5,"column":0},"end":{"line":5,"column":7}},"4":{"start":{"line":17,"column":2},"end":{"line":23,"column":5}},"5":{"start":{"line":16,"column":0},"end":{"line":16,"column":7}}},"fnMap":{"0":{"name":"createTicketType","decl":{"start":{"line":5,"column":22},"end":{"line":5,"column":38}},"loc":{"start":{"line":5,"column":38},"end":{"line":14,"column":1}}},"1":{"name":"createTicket","decl":{"start":{"line":16,"column":22},"end":{"line":16,"column":34}},"loc":{"start":{"line":16,"column":99},"end":{"line":24,"column":1}}}},"branchMap":{},"s":{"0":10,"1":10,"2":11,"3":10,"4":10,"5":10},"f":{"0":11,"1":10},"b":{}}
,"/Users/karinaalmeida/Desktop/projeto20-DrivenT/tests/factories/users-factory.ts": {"path":"/Users/karinaalmeida/Desktop/projeto20-DrivenT/tests/factories/users-factory.ts","statementMap":{"0":{"start":{"line":1,"column":0},"end":{"line":1,"column":28}},"1":{"start":{"line":2,"column":0},"end":{"line":2,"column":36}},"2":{"start":{"line":4,"column":0},"end":{"line":4,"column":34}},"3":{"start":{"line":7,"column":27},"end":{"line":7,"column":72}},"4":{"start":{"line":8,"column":25},"end":{"line":8,"column":64}},"5":{"start":{"line":10,"column":2},"end":{"line":15,"column":5}},"6":{"start":{"line":6,"column":0},"end":{"line":6,"column":7}}},"fnMap":{"0":{"name":"createUser","decl":{"start":{"line":6,"column":22},"end":{"line":6,"column":32}},"loc":{"start":{"line":6,"column":59},"end":{"line":16,"column":1}}}},"branchMap":{"0":{"loc":{"start":{"line":6,"column":33},"end":{"line":6,"column":59}},"type":"default-arg","locations":[{"start":{"line":6,"column":57},"end":{"line":6,"column":59}}]},"1":{"loc":{"start":{"line":7,"column":27},"end":{"line":7,"column":72}},"type":"binary-expr","locations":[{"start":{"line":7,"column":27},"end":{"line":7,"column":42}},{"start":{"line":7,"column":46},"end":{"line":7,"column":72}}]},"2":{"loc":{"start":{"line":12,"column":13},"end":{"line":12,"column":51}},"type":"binary-expr","locations":[{"start":{"line":12,"column":13},"end":{"line":12,"column":25}},{"start":{"line":12,"column":29},"end":{"line":12,"column":51}}]}},"s":{"0":10,"1":10,"2":10,"3":108,"4":108,"5":108,"6":10},"f":{"0":108},"b":{"0":[100],"1":[108,100],"2":[108,100]}}
}
