TN:
SF:src/app.ts
FN:26,(anonymous_1)
FN:38,init
FN:43,close
FNF:3
FNH:2
FNDA:1,(anonymous_1)
FNDA:11,init
FNDA:0,close
DA:1,11
DA:2,11
DA:3,11
DA:4,11
DA:6,11
DA:8,11
DA:10,11
DA:11,11
DA:20,11
DA:22,11
DA:23,11
DA:26,1
DA:38,11
DA:39,11
DA:40,11
DA:43,11
DA:44,0
DA:47,11
LF:18
LH:17
BRF:0
BRH:0
end_of_record
TN:
SF:src/config/database.ts
FN:4,connectDb
FN:8,disconnectDB
FNF:2
FNH:1
FNDA:11,connectDb
FNDA:0,disconnectDB
DA:1,14
DA:4,14
DA:5,11
DA:8,14
DA:9,0
LF:5
LH:4
BRF:0
BRH:0
end_of_record
TN:
SF:src/config/envs.ts
FN:4,loadEnv
FNF:1
FNH:1
FNDA:25,loadEnv
DA:1,14
DA:2,14
DA:4,14
DA:6,25
DA:12,25
DA:13,25
LF:6
LH:6
BRDA:6,0,0,25
BRDA:6,0,1,0
BRDA:8,1,0,0
BRDA:8,1,1,0
BRF:4
BRH:1
end_of_record
TN:
SF:src/config/index.ts
FNF:0
FNH:0
DA:1,14
DA:2,14
LF:2
LH:2
BRF:0
BRH:0
end_of_record
TN:
SF:src/controllers/authentication-controller.ts
FN:5,singInPost
FNF:1
FNH:1
FNDA:5,singInPost
DA:2,11
DA:3,11
DA:5,11
DA:6,5
DA:8,5
DA:9,5
DA:11,2
DA:13,3
LF:8
LH:8
BRF:0
BRH:0
end_of_record
TN:
SF:src/controllers/booking-controller.ts
FN:6,getBooking
FN:16,postBooking
FN:30,updateBooking
FNF:3
FNH:2
FNDA:1,getBooking
FNDA:5,postBooking
FNDA:0,updateBooking
DA:2,11
DA:4,11
DA:7,1
DA:8,1
DA:9,1
DA:10,0
DA:12,1
DA:17,5
DA:18,5
DA:19,5
DA:20,5
DA:22,4
DA:24,0
DA:26,4
DA:31,0
DA:32,0
DA:33,0
DA:34,0
DA:36,0
DA:37,0
DA:39,0
DA:40,0
DA:42,0
DA:46,11
DA:52,11
LF:25
LH:14
BRDA:20,0,0,1
BRDA:36,1,0,0
BRDA:37,2,0,0
BRF:3
BRH:1
end_of_record
TN:
SF:src/controllers/enrollments-controller.ts
FN:6,getEnrollmentByUser
FN:18,postCreateOrUpdateEnrollment
FN:31,getAddressFromCEP
FNF:3
FNH:3
FNDA:2,getEnrollmentByUser
FNDA:2,postCreateOrUpdateEnrollment
FNDA:2,getAddressFromCEP
DA:2,11
DA:4,11
DA:6,11
DA:7,2
DA:9,2
DA:10,2
DA:12,1
DA:14,1
DA:18,11
DA:19,2
DA:20,2
DA:25,0
DA:27,2
DA:31,11
DA:32,2
DA:34,2
DA:35,2
DA:36,1
DA:38,1
DA:39,1
LF:20
LH:19
BRDA:38,0,0,1
BRF:1
BRH:1
end_of_record
TN:
SF:src/controllers/events-controller.ts
FN:5,getDefaultEvent
FNF:1
FNH:1
FNDA:2,getDefaultEvent
DA:2,11
DA:3,11
DA:5,11
DA:6,2
DA:7,2
DA:8,1
DA:10,1
LF:7
LH:7
BRF:0
BRH:0
end_of_record
TN:
SF:src/controllers/hotels-controller.ts
FN:6,getHotels
FN:16,getHotelRooms
FNF:2
FNH:2
FNDA:6,getHotels
FNDA:7,getHotelRooms
DA:2,11
DA:4,11
DA:7,6
DA:8,6
DA:9,6
DA:10,0
DA:12,6
DA:17,7
DA:18,7
DA:19,7
DA:20,7
DA:21,1
DA:23,6
DA:27,11
DA:32,11
LF:15
LH:14
BRF:0
BRH:0
end_of_record
TN:
SF:src/controllers/index.ts
FNF:0
FNH:0
DA:1,11
DA:2,11
DA:3,11
DA:4,11
LF:4
LH:4
BRF:0
BRH:0
end_of_record
TN:
SF:src/controllers/payment-controller.ts
FN:7,getPayment
FN:21,postPayment
FNF:2
FNH:2
FNDA:4,getPayment
FNDA:7,postPayment
DA:2,11
DA:4,11
DA:8,4
DA:9,4
DA:10,4
DA:11,4
DA:13,3
DA:15,1
DA:17,2
DA:22,7
DA:23,7
DA:24,7
DA:25,5
DA:26,5
DA:27,3
DA:29,2
DA:33,11
DA:38,11
LF:18
LH:18
BRDA:11,0,0,1
BRDA:24,1,0,2
BRDA:24,2,0,7
BRDA:24,2,1,6
BRF:4
BRH:4
end_of_record
TN:
SF:src/controllers/ticket-controller.ts
FN:8,getTypes
FN:18,getUserTicket
FN:29,postTickets
FNF:3
FNH:3
FNDA:2,getTypes
FNDA:3,getUserTicket
FNDA:3,postTickets
DA:2,11
DA:5,11
DA:8,11
DA:9,2
DA:10,2
DA:12,2
DA:14,0
DA:19,3
DA:20,3
DA:21,3
DA:23,1
DA:25,2
DA:30,3
DA:31,3
DA:32,3
DA:34,3
DA:36,2
DA:38,1
DA:42,11
DA:48,11
LF:20
LH:19
BRF:0
BRH:0
end_of_record
TN:
SF:src/controllers/users-controller.ts
FN:5,usersPost
FNF:1
FNH:1
FNDA:6,usersPost
DA:2,11
DA:3,11
DA:5,11
DA:6,6
DA:8,6
DA:9,6
DA:10,0
DA:15,6
DA:16,0
DA:18,6
LF:10
LH:8
BRDA:15,0,0,0
BRF:1
BRH:0
end_of_record
TN:
SF:src/errors/cannot-enroll-before-start-date-error.ts
FN:3,cannotEnrollBeforeStartDateError
FNF:1
FNH:1
FNDA:7,cannotEnrollBeforeStartDateError
DA:3,11
DA:4,7
LF:2
LH:2
BRF:0
BRH:0
end_of_record
TN:
SF:src/errors/conflict-error.ts
FN:3,conflictError
FNF:1
FNH:0
FNDA:0,conflictError
DA:3,11
DA:4,0
LF:2
LH:1
BRF:0
BRH:0
end_of_record
TN:
SF:src/errors/forbidden-required-error.ts
FN:3,forbiddenError
FNF:1
FNH:1
FNDA:8,forbiddenError
DA:3,11
DA:4,8
LF:2
LH:2
BRF:0
BRH:0
end_of_record
TN:
SF:src/errors/index.ts
FNF:0
FNH:0
DA:1,11
DA:2,11
DA:3,11
DA:4,11
DA:5,11
DA:6,11
DA:7,11
LF:7
LH:7
BRF:0
BRH:0
end_of_record
TN:
SF:src/errors/invalid-data-error.ts
FN:3,invalidDataError
FNF:1
FNH:1
FNDA:7,invalidDataError
DA:3,11
DA:4,7
LF:2
LH:2
BRF:0
BRH:0
end_of_record
TN:
SF:src/errors/invalid-email-error.ts
FN:3,invalidEmailError
FNF:1
FNH:0
FNDA:0,invalidEmailError
DA:3,11
DA:4,0
LF:2
LH:1
BRF:0
BRH:0
end_of_record
TN:
SF:src/errors/not-found-error.ts
FN:3,notFoundError
FNF:1
FNH:1
FNDA:12,notFoundError
DA:3,11
DA:4,12
LF:2
LH:2
BRF:0
BRH:0
end_of_record
TN:
SF:src/errors/request-error.ts
FN:3,requestError
FNF:1
FNH:1
FNDA:1,requestError
DA:3,11
DA:4,1
LF:2
LH:2
BRF:0
BRH:0
end_of_record
TN:
SF:src/errors/ticketNotFound.ts
FN:3,ticketNotFound
FNF:1
FNH:1
FNDA:2,ticketNotFound
DA:3,11
DA:4,2
LF:2
LH:2
BRF:0
BRH:0
end_of_record
TN:
SF:src/errors/unauthorized-error.ts
FN:3,unauthorizedError
FNF:1
FNH:1
FNDA:36,unauthorizedError
DA:3,11
DA:4,36
LF:2
LH:2
BRF:0
BRH:0
end_of_record
TN:
SF:src/errors/unrelatedTicket.ts
FN:3,unrelatedTicket
FNF:1
FNH:1
FNDA:2,unrelatedTicket
DA:3,11
DA:4,2
LF:2
LH:2
BRF:0
BRH:0
end_of_record
TN:
SF:src/middlewares/authentication-middleware.ts
FN:8,authenticateToken
FN:33,generateUnauthorizedResponse
FNF:2
FNH:2
FNDA:81,authenticateToken
FNDA:36,generateUnauthorizedResponse
DA:2,11
DA:3,11
DA:5,11
DA:6,11
DA:8,11
DA:9,81
DA:10,81
DA:12,69
DA:13,69
DA:15,69
DA:16,69
DA:18,57
DA:23,57
DA:25,45
DA:27,45
DA:29,12
DA:34,36
LF:17
LH:17
BRDA:10,0,0,12
BRDA:13,1,0,0
BRDA:23,2,0,12
BRF:3
BRH:2
end_of_record
TN:
SF:src/middlewares/error-handling-middleware.ts
FN:5,handleApplicationErrors
FNF:1
FNH:1
FNDA:21,handleApplicationErrors
DA:2,11
DA:5,11
DA:11,21
DA:12,0
DA:17,21
DA:18,0
DA:23,21
DA:24,0
DA:29,21
DA:30,8
DA:35,13
DA:36,2
DA:41,11
DA:42,11
DA:47,0
DA:48,0
DA:54,0
DA:55,0
LF:18
LH:11
BRDA:11,0,0,0
BRDA:17,1,0,0
BRDA:17,2,0,21
BRDA:17,2,1,21
BRDA:23,3,0,0
BRDA:29,4,0,8
BRDA:35,5,0,2
BRDA:35,6,0,13
BRDA:35,6,1,13
BRDA:41,7,0,11
BRDA:41,8,0,11
BRDA:41,8,1,2
BRDA:47,9,0,0
BRF:13
BRH:9
end_of_record
TN:
SF:src/middlewares/index.ts
FNF:0
FNH:0
DA:1,11
DA:2,11
DA:3,11
LF:3
LH:3
BRF:0
BRH:0
end_of_record
TN:
SF:src/middlewares/validation-middleware.ts
FN:6,validateBody
FN:10,validateParams
FN:14,validate
FN:15,(anonymous_4)
FN:23,(anonymous_5)
FNF:5
FNH:4
FNDA:44,validateBody
FNDA:0,validateParams
FNDA:44,validate
FNDA:23,(anonymous_4)
FNDA:18,(anonymous_5)
DA:2,11
DA:4,11
DA:6,11
DA:7,44
DA:10,11
DA:11,0
DA:15,44
DA:16,23
DA:20,23
DA:21,16
DA:23,18
LF:11
LH:10
BRDA:20,0,0,16
BRDA:20,0,1,7
BRF:2
BRH:2
end_of_record
TN:
SF:src/repositories/address-repository/index.ts
FN:4,upsert
FNF:1
FNH:0
FNDA:0,upsert
DA:2,11
DA:5,0
DA:20,11
DA:24,11
LF:4
LH:3
BRF:0
BRH:0
end_of_record
TN:
SF:src/repositories/booking-repository/index.ts
FN:4,findById
FN:12,countSpots
FN:20,getBooking
FN:32,postBooking
FN:41,updateBooking
FNF:5
FNH:1
FNDA:0,findById
FNDA:0,countSpots
FNDA:1,getBooking
FNDA:0,postBooking
FNDA:0,updateBooking
DA:2,11
DA:5,0
DA:13,0
DA:21,1
DA:33,0
DA:42,0
DA:53,11
DA:61,11
LF:8
LH:4
BRF:0
BRH:0
end_of_record
TN:
SF:src/repositories/enrollment-repository/index.ts
FN:4,findWithAddressByUserId
FN:13,upsert
FN:27,findById
FNF:3
FNH:2
FNDA:25,findWithAddressByUserId
FNDA:2,upsert
FNDA:0,findById
DA:2,11
DA:5,25
DA:18,2
DA:28,0
DA:36,11
DA:42,11
LF:6
LH:5
BRF:0
BRH:0
end_of_record
TN:
SF:src/repositories/event-repository/index.ts
FN:3,findFirst
FNF:1
FNH:1
FNDA:11,findFirst
DA:1,11
DA:4,11
DA:7,11
DA:11,11
LF:4
LH:4
BRF:0
BRH:0
end_of_record
TN:
SF:src/repositories/hotels-repository/index.ts
FN:3,getHotels
FN:7,getHotelRooms
FNF:2
FNH:1
FNDA:0,getHotels
FNDA:1,getHotelRooms
DA:1,11
DA:4,0
DA:8,1
DA:16,11
DA:21,11
LF:5
LH:4
BRF:0
BRH:0
end_of_record
TN:
SF:src/repositories/payment-repository/index.ts
FN:5,getTicketsById
FN:20,getPayment
FN:26,postPayment
FNF:3
FNH:3
FNDA:8,getTicketsById
FNDA:1,getPayment
FNDA:3,postPayment
DA:2,11
DA:11,8
DA:21,1
DA:27,3
DA:37,11
DA:43,11
LF:6
LH:6
BRF:0
BRH:0
end_of_record
TN:
SF:src/repositories/session-repository/index.ts
FN:4,create
FNF:1
FNH:1
FNDA:5,create
DA:2,11
DA:5,5
DA:10,11
DA:14,11
LF:4
LH:4
BRF:0
BRH:0
end_of_record
TN:
SF:src/repositories/ticket-repository/index.ts
FN:4,getType
FN:8,getTickets
FN:21,postTicket
FNF:3
FNH:3
FNDA:2,getType
FNDA:14,getTickets
FNDA:5,postTicket
DA:2,11
DA:5,2
DA:13,14
DA:27,5
DA:43,5
DA:46,11
DA:52,11
LF:7
LH:7
BRDA:29,0,0,5
BRDA:29,0,1,2
BRF:2
BRH:2
end_of_record
TN:
SF:src/repositories/user-repository/index.ts
FN:4,findByEmail
FN:18,create
FNF:2
FNH:2
FNDA:11,findByEmail
FNDA:1,create
DA:2,11
DA:5,11
DA:11,11
DA:12,9
DA:15,11
DA:19,1
DA:24,11
DA:29,11
LF:8
LH:8
BRDA:11,0,0,9
BRF:1
BRH:1
end_of_record
TN:
SF:src/routers/authentication-router.ts
FNF:0
FNH:0
DA:1,11
DA:2,11
DA:3,11
DA:4,11
DA:6,11
DA:8,11
DA:10,11
LF:7
LH:7
BRF:0
BRH:0
end_of_record
TN:
SF:src/routers/booking-router.ts
FNF:0
FNH:0
DA:1,11
DA:2,11
DA:3,11
DA:5,11
DA:7,11
DA:13,11
LF:6
LH:6
BRF:0
BRH:0
end_of_record
TN:
SF:src/routers/enrollments-router.ts
FNF:0
FNH:0
DA:1,11
DA:2,11
DA:3,11
DA:4,11
DA:6,11
DA:8,11
DA:14,11
LF:7
LH:7
BRF:0
BRH:0
end_of_record
TN:
SF:src/routers/events-router.ts
FNF:0
FNH:0
DA:1,11
DA:2,11
DA:4,11
DA:6,11
DA:8,11
LF:5
LH:5
BRF:0
BRH:0
end_of_record
TN:
SF:src/routers/hotels-router.ts
FNF:0
FNH:0
DA:1,11
DA:2,11
DA:3,11
DA:5,11
DA:7,11
DA:12,11
LF:6
LH:6
BRF:0
BRH:0
end_of_record
TN:
SF:src/routers/index.ts
FNF:0
FNH:0
DA:1,11
DA:2,11
DA:3,11
DA:4,11
DA:5,11
DA:6,11
DA:7,11
LF:7
LH:7
BRF:0
BRH:0
end_of_record
TN:
SF:src/routers/payment-router.ts
FNF:0
FNH:0
DA:1,11
DA:2,11
DA:3,11
DA:5,11
DA:7,11
DA:12,11
LF:6
LH:6
BRF:0
BRH:0
end_of_record
TN:
SF:src/routers/ticket-router.ts
FNF:0
FNH:0
DA:1,11
DA:2,11
DA:3,11
DA:4,11
DA:6,11
DA:8,11
DA:14,11
LF:7
LH:7
BRF:0
BRH:0
end_of_record
TN:
SF:src/routers/users-router.ts
FNF:0
FNH:0
DA:1,11
DA:3,11
DA:4,11
DA:5,11
DA:7,11
DA:9,11
DA:11,11
LF:7
LH:7
BRF:0
BRH:0
end_of_record
TN:
SF:src/schemas/authentication-schemas.ts
FNF:0
FNH:0
DA:1,14
DA:4,14
LF:2
LH:2
BRF:0
BRH:0
end_of_record
TN:
SF:src/schemas/enrollments-schemas.ts
FN:23,(anonymous_1)
FN:30,joiCpfValidation
FN:40,JoiCepValidation
FN:50,joiMobilePhoneValidation
FNF:4
FNH:4
FNDA:378,(anonymous_1)
FNDA:29,joiCpfValidation
FNDA:19,JoiCepValidation
FNDA:23,joiMobilePhoneValidation
DA:1,14
DA:2,14
DA:5,14
DA:7,14
DA:9,14
DA:11,14
DA:23,378
DA:31,29
DA:33,29
DA:34,1
DA:37,28
DA:41,19
DA:43,19
DA:44,1
DA:47,18
DA:51,23
DA:53,23
DA:54,0
DA:57,23
LF:19
LH:18
BRDA:31,0,0,0
BRDA:33,1,0,1
BRDA:41,2,0,0
BRDA:43,3,0,1
BRDA:51,4,0,0
BRDA:53,5,0,0
BRF:6
BRH:2
end_of_record
TN:
SF:src/schemas/index.ts
FNF:0
FNH:0
DA:1,14
DA:2,14
DA:3,14
LF:3
LH:3
BRF:0
BRH:0
end_of_record
TN:
SF:src/schemas/ticket-schema.ts
FNF:0
FNH:0
DA:1,11
DA:4,11
LF:2
LH:2
BRF:0
BRH:0
end_of_record
TN:
SF:src/schemas/users-schemas.ts
FNF:0
FNH:0
DA:1,14
DA:4,14
LF:2
LH:2
BRF:0
BRH:0
end_of_record
TN:
SF:src/services/authentication-service/errors.ts
FN:3,invalidCredentialsError
FNF:1
FNH:1
FNDA:6,invalidCredentialsError
DA:3,11
DA:4,6
LF:2
LH:2
BRF:0
BRH:0
end_of_record
TN:
SF:src/services/authentication-service/index.ts
FN:9,signIn
FN:24,getUserOrFail
FN:31,createSession
FN:41,validatePasswordOrFail
FNF:4
FNH:4
FNDA:9,signIn
FNDA:9,getUserOrFail
FNDA:5,createSession
FNDA:7,validatePasswordOrFail
DA:2,11
DA:3,11
DA:4,11
DA:5,11
DA:6,11
DA:7,11
DA:10,9
DA:12,9
DA:14,7
DA:16,5
DA:18,4
DA:25,9
DA:26,9
DA:28,7
DA:32,5
DA:33,5
DA:38,4
DA:42,7
DA:43,7
DA:55,11
DA:59,11
DA:60,11
LF:22
LH:22
BRDA:26,0,0,2
BRDA:43,1,0,2
BRF:2
BRH:2
end_of_record
TN:
SF:src/services/booking-service/index.ts
FN:7,roomAvailable
FN:18,getBooking
FN:26,postBooking
FN:34,updateBooking
FNF:4
FNH:2
FNDA:0,roomAvailable
FNDA:1,getBooking
FNDA:4,postBooking
FNDA:0,updateBooking
DA:2,11
DA:3,11
DA:4,11
DA:5,11
DA:8,0
DA:9,0
DA:11,0
DA:13,0
DA:15,0
DA:19,1
DA:21,1
DA:23,0
DA:27,4
DA:28,0
DA:30,0
DA:31,0
DA:35,0
DA:36,0
DA:38,0
DA:39,0
DA:42,11
DA:48,11
LF:22
LH:9
BRDA:9,0,0,0
BRDA:13,1,0,0
BRDA:21,2,0,1
BRDA:36,3,0,0
BRF:4
BRH:1
end_of_record
TN:
SF:src/services/enrollments-service/index.ts
FN:9,getAddressFromCEP
FN:29,getOneWithAddressByUserId
FN:45,getFirstAddress
FN:53,createOrUpdateEnrollmentWithAddress
FN:68,getAddressForUpsert
FNF:5
FNH:5
FNDA:4,getAddressFromCEP
FNDA:2,getOneWithAddressByUserId
FNDA:1,getFirstAddress
FNDA:2,createOrUpdateEnrollmentWithAddress
FNDA:2,getAddressForUpsert
DA:2,11
DA:3,11
DA:4,11
DA:5,11
DA:6,11
DA:10,4
DA:12,4
DA:13,1
DA:16,3
DA:18,3
DA:26,3
DA:30,2
DA:32,2
DA:34,1
DA:35,1
DA:37,1
DA:46,1
DA:48,1
DA:54,2
DA:55,2
DA:57,2
DA:58,2
DA:60,0
DA:63,2
DA:65,0
DA:69,2
DA:79,11
DA:85,11
LF:28
LH:26
BRDA:12,0,0,1
BRDA:12,1,0,4
BRDA:12,1,1,3
BRDA:32,2,0,1
BRDA:39,3,0,1
BRDA:39,3,1,1
BRDA:46,4,0,0
BRDA:71,5,0,2
BRDA:71,5,1,2
BRF:9
BRH:8
end_of_record
TN:
SF:src/services/events-service/index.ts
FN:7,getFirstEvent
FN:16,isCurrentEventActive
FNF:2
FNH:2
FNDA:2,getFirstEvent
FNDA:9,isCurrentEventActive
DA:2,11
DA:3,11
DA:4,11
DA:5,11
DA:8,2
DA:9,2
DA:11,1
DA:17,9
DA:18,9
DA:20,3
DA:21,3
DA:22,3
DA:24,3
DA:27,11
DA:32,11
LF:15
LH:15
BRDA:9,0,0,1
BRDA:18,1,0,6
BRDA:24,2,0,3
BRDA:24,2,1,2
BRF:4
BRH:4
end_of_record
TN:
SF:src/services/hotels-service/index.ts
FN:8,ticketAndPayment
FN:21,getHotels
FN:30,getHotelRooms
FNF:3
FNH:3
FNDA:17,ticketAndPayment
FNDA:6,getHotels
FNDA:7,getHotelRooms
DA:2,11
DA:3,11
DA:4,11
DA:5,11
DA:6,11
DA:9,17
DA:10,17
DA:12,12
DA:13,12
DA:15,9
DA:16,8
DA:18,1
DA:22,6
DA:24,0
DA:25,0
DA:27,0
DA:31,7
DA:33,1
DA:34,1
DA:36,1
DA:39,11
DA:45,11
LF:22
LH:19
BRDA:10,0,0,5
BRDA:13,1,0,3
BRDA:15,2,0,8
BRDA:15,3,0,9
BRDA:15,3,1,3
BRDA:15,3,2,2
BRDA:25,4,0,0
BRDA:25,5,0,0
BRDA:25,5,1,0
BRDA:34,6,0,0
BRF:10
BRH:6
end_of_record
TN:
SF:src/services/payment-service/index.ts
FN:8,getPayment
FN:18,postPayment
FNF:2
FNH:2
FNDA:3,getPayment
FNDA:5,postPayment
DA:2,11
DA:3,11
DA:4,11
DA:6,11
DA:9,3
DA:11,3
DA:13,2
DA:15,1
DA:19,5
DA:20,5
DA:22,5
DA:24,4
DA:26,3
DA:28,3
DA:29,3
DA:32,11
DA:37,11
LF:17
LH:17
BRDA:11,0,0,1
BRDA:13,1,0,1
BRDA:22,2,0,1
BRDA:24,3,0,1
BRF:4
BRH:4
end_of_record
TN:
SF:src/services/ticket-service/index.ts
FN:5,getType
FN:10,getTickets
FN:18,postTicket
FNF:3
FNH:3
FNDA:2,getType
FNDA:3,getTickets
FNDA:3,postTicket
DA:2,11
DA:3,11
DA:6,2
DA:7,2
DA:11,3
DA:12,3
DA:13,2
DA:14,2
DA:15,1
DA:19,3
DA:21,3
DA:22,3
DA:23,2
DA:24,2
DA:25,2
DA:28,11
DA:34,11
LF:17
LH:17
BRDA:12,0,0,1
BRDA:14,1,0,1
BRDA:22,2,0,1
BRDA:24,3,0,0
BRF:4
BRH:3
end_of_record
TN:
SF:src/services/users-service/errors.ts
FN:3,duplicatedEmailError
FNF:1
FNH:1
FNDA:2,duplicatedEmailError
DA:3,11
DA:4,2
LF:2
LH:2
BRF:0
BRH:0
end_of_record
TN:
SF:src/services/users-service/index.ts
FN:8,createUser
FN:20,validateUniqueEmailOrFail
FN:27,canEnrollOrFail
FNF:3
FNH:3
FNDA:9,createUser
FNDA:2,validateUniqueEmailOrFail
FNDA:9,canEnrollOrFail
DA:2,11
DA:3,11
DA:4,11
DA:5,11
DA:6,11
DA:8,11
DA:9,9
DA:11,2
DA:13,1
DA:14,1
DA:21,2
DA:22,2
DA:23,1
DA:28,9
DA:29,9
DA:30,7
DA:36,11
DA:40,11
DA:41,11
LF:19
LH:19
BRDA:22,0,0,1
BRDA:29,1,0,7
BRF:2
BRH:2
end_of_record
TN:
SF:src/utils/prisma-utils.ts
FN:1,exclude
FNF:1
FNH:1
FNDA:11,exclude
DA:1,11
DA:2,11
DA:3,11
DA:4,17
DA:6,11
LF:5
LH:5
BRF:0
BRH:0
end_of_record
TN:
SF:src/utils/request.ts
FN:4,get
FNF:1
FNH:1
FNDA:4,get
DA:1,11
DA:2,11
DA:5,4
DA:6,4
DA:7,3
DA:9,1
DA:11,1
DA:15,11
LF:8
LH:8
BRF:0
BRH:0
end_of_record
TN:
SF:tests/helpers.ts
FN:8,cleanDb
FN:22,generateValidToken
FNF:2
FNH:2
FNDA:78,cleanDb
FNDA:49,generateValidToken
DA:1,10
DA:4,10
DA:5,10
DA:6,10
DA:8,10
DA:9,78
DA:10,78
DA:11,78
DA:12,77
DA:13,76
DA:14,76
DA:15,76
DA:16,76
DA:17,74
DA:18,74
DA:19,74
DA:22,10
DA:23,49
DA:24,49
DA:26,49
DA:28,48
LF:21
LH:21
BRDA:23,0,0,49
BRDA:23,0,1,14
BRF:2
BRH:2
end_of_record
TN:
SF:tests/factories/booking-factory.ts
FN:4,createBooking
FN:13,createHotel
FN:22,createRooms
FNF:3
FNH:3
FNDA:1,createBooking
FNDA:1,createHotel
FNDA:1,createRooms
DA:1,1
DA:2,1
DA:4,1
DA:5,1
DA:13,1
DA:14,1
DA:22,1
DA:23,1
LF:8
LH:8
BRF:0
BRH:0
end_of_record
TN:
SF:tests/factories/enrollments-factory.ts
FN:8,createEnrollmentWithAddress
FN:35,createhAddressWithCEP
FNF:2
FNH:2
FNDA:34,createEnrollmentWithAddress
FNDA:1,createhAddressWithCEP
DA:1,10
DA:2,10
DA:5,10
DA:6,10
DA:8,10
DA:9,34
DA:11,34
DA:35,10
DA:36,1
LF:9
LH:9
BRDA:9,0,0,34
BRDA:9,0,1,0
BRF:2
BRH:1
end_of_record
TN:
SF:tests/factories/events-factory.ts
FN:6,createEvent
FNF:1
FNH:1
FNDA:4,createEvent
DA:1,10
DA:2,10
DA:4,10
DA:6,10
DA:7,4
LF:5
LH:5
BRDA:6,0,0,3
BRDA:9,1,0,4
BRDA:9,1,1,4
BRDA:10,2,0,4
BRDA:10,2,1,4
BRDA:11,3,0,4
BRDA:11,3,1,4
BRDA:12,4,0,4
BRDA:12,4,1,3
BRDA:13,5,0,4
BRDA:13,5,1,4
BRF:11
BRH:11
end_of_record
TN:
SF:tests/factories/index.ts
FNF:0
FNH:0
DA:1,10
DA:2,10
DA:3,10
DA:4,10
DA:5,10
DA:6,10
LF:6
LH:6
BRF:0
BRH:0
end_of_record
TN:
SF:tests/factories/payments-factory.ts
FN:4,createPayment
FN:15,generateCreditCardData
FNF:2
FNH:2
FNDA:9,createPayment
FNDA:6,generateCreditCardData
DA:1,10
DA:2,10
DA:4,10
DA:5,9
DA:15,10
DA:16,6
DA:18,6
LF:7
LH:7
BRF:0
BRH:0
end_of_record
TN:
SF:tests/factories/sessions-factory.ts
FN:5,createSession
FNF:1
FNH:1
FNDA:49,createSession
DA:2,10
DA:3,10
DA:5,10
DA:6,49
DA:8,49
LF:5
LH:5
BRF:0
BRH:0
end_of_record
TN:
SF:tests/factories/tickets-factory.ts
FN:5,createTicketType
FN:16,createTicketTypeWithHotel
FN:27,createTicketTypeWithoutHotel
FN:38,createTicketTypeRemote
FN:49,createTicket
FNF:5
FNH:5
FNDA:14,createTicketType
FNDA:1,createTicketTypeWithHotel
FNDA:1,createTicketTypeWithoutHotel
FNDA:1,createTicketTypeRemote
FNDA:22,createTicket
DA:1,10
DA:3,10
DA:5,10
DA:6,14
DA:16,10
DA:17,1
DA:27,10
DA:28,1
DA:38,10
DA:39,1
DA:49,10
DA:50,22
LF:12
LH:12
BRF:0
BRH:0
end_of_record
TN:
SF:tests/factories/users-factory.ts
FN:6,createUser
FNF:1
FNH:1
FNDA:121,createUser
DA:1,10
DA:2,10
DA:4,10
DA:6,10
DA:7,121
DA:8,121
DA:10,121
LF:7
LH:7
BRDA:6,0,0,113
BRDA:7,1,0,121
BRDA:7,1,1,113
BRDA:12,2,0,121
BRDA:12,2,1,113
BRF:5
BRH:5
end_of_record
